# Logfile created on 2017-06-02 12:36:36 -0400 by logger.rb/54362
[2017-06-02T12:36:36-04:00] DEBUG: Sleeping for 0 seconds
[2017-06-02T12:36:36-04:00] DEBUG: Running Ohai with the following configuration: {:log_location=>"C:\\chef\\chef-client.log", :log_level=>:debug, :chef_server_url=>"https://server/organizations/company", :validation_client_name=>"cvgx-validator", :validation_key=>"c:\\chef\\cvgx-validator.pem", :client_key=>"c:\\chef\\client.pem", :encrypted_data_bag_secret=>"c:\\chef\\databagsecret", :ssl_verify_mode=>:verify_none, :force_logger=>false, :force_formatter=>false, :profile_ruby=>false, :color=>true, :json_attribs=>"C:\\chef\\runlist_sql_post.json", :config_file=>"C:/chef/client.rb", :specific_recipes=>[]}
[2017-06-02T12:36:36-04:00] INFO: *** Chef 12.19.36 ***
[2017-06-02T12:36:36-04:00] INFO: Platform: x64-mingw32
[2017-06-02T12:36:36-04:00] INFO: Chef-client pid: 4744
[2017-06-02T12:36:36-04:00] DEBUG: Chef-client request_id: cdd86c1c-864c-4c3b-9c26-18f6a0131829
[2017-06-02T12:36:36-04:00] DEBUG: Running Ohai with the following configuration: {:log_location=>"C:\\chef\\chef-client.log", :log_level=>:debug, :chef_server_url=>"https://server/organizations/company", :validation_client_name=>"cvgx-validator", :validation_key=>"c:\\chef\\cvgx-validator.pem", :client_key=>"c:\\chef\\client.pem", :encrypted_data_bag_secret=>"c:\\chef\\databagsecret", :ssl_verify_mode=>:verify_none, :force_logger=>false, :force_formatter=>false, :profile_ruby=>false, :color=>true, :json_attribs=>"C:\\chef\\runlist_sql_post.json", :config_file=>"C:/chef/client.rb", :specific_recipes=>[], :formatters=>[], :event_handlers=>[]}
[2017-06-02T12:36:36-04:00] DEBUG: Searching for Ohai plugins in C:/opscode/chef/embedded/lib/ruby/gems/2.3.0/gems/ohai-8.23.0/lib/ohai/plugins
[2017-06-02T12:36:36-04:00] DEBUG: Loading plugin at C:/opscode/chef/embedded/lib/ruby/gems/2.3.0/gems/ohai-8.23.0/lib/ohai/plugins/aix/cpu.rb
[2017-06-02T12:36:36-04:00] DEBUG: Loading plugin at C:/opscode/chef/embedded/lib/ruby/gems/2.3.0/gems/ohai-8.23.0/lib/ohai/plugins/aix/filesystem.rb
[2017-06-02T12:36:36-04:00] DEBUG: Loading plugin at C:/opscode/chef/embedded/lib/ruby/gems/2.3.0/gems/ohai-8.23.0/lib/ohai/plugins/aix/kernel.rb
[2017-06-02T12:36:36-04:00] DEBUG: Loading plugin at C:/opscode/chef/embedded/lib/ruby/gems/2.3.0/gems/ohai-8.23.0/lib/ohai/plugins/aix/memory.rb
[2017-06-02T12:36:36-04:00] DEBUG: Loading plugin at C:/opscode/chef/embedded/lib/ruby/gems/2.3.0/gems/ohai-8.23.0/lib/ohai/plugins/aix/network.rb
[2017-06-02T12:36:36-04:00] DEBUG: Loading plugin at C:/opscode/chef/embedded/lib/ruby/gems/2.3.0/gems/ohai-8.23.0/lib/ohai/plugins/aix/os.rb
[2017-06-02T12:36:36-04:00] DEBUG: Loading plugin at C:/opscode/chef/embedded/lib/ruby/gems/2.3.0/gems/ohai-8.23.0/lib/ohai/plugins/aix/platform.rb
[2017-06-02T12:36:36-04:00] DEBUG: Loading plugin at C:/opscode/chef/embedded/lib/ruby/gems/2.3.0/gems/ohai-8.23.0/lib/ohai/plugins/aix/uptime.rb
[2017-06-02T12:36:36-04:00] DEBUG: Loading plugin at C:/opscode/chef/embedded/lib/ruby/gems/2.3.0/gems/ohai-8.23.0/lib/ohai/plugins/aix/virtualization.rb
[2017-06-02T12:36:36-04:00] DEBUG: Loading plugin at C:/opscode/chef/embedded/lib/ruby/gems/2.3.0/gems/ohai-8.23.0/lib/ohai/plugins/azure.rb
[2017-06-02T12:36:36-04:00] DEBUG: Loading plugin at C:/opscode/chef/embedded/lib/ruby/gems/2.3.0/gems/ohai-8.23.0/lib/ohai/plugins/bsd/filesystem.rb
[2017-06-02T12:36:36-04:00] DEBUG: Loading plugin at C:/opscode/chef/embedded/lib/ruby/gems/2.3.0/gems/ohai-8.23.0/lib/ohai/plugins/bsd/virtualization.rb
[2017-06-02T12:36:36-04:00] DEBUG: Loading plugin at C:/opscode/chef/embedded/lib/ruby/gems/2.3.0/gems/ohai-8.23.0/lib/ohai/plugins/c.rb
[2017-06-02T12:36:36-04:00] DEBUG: Loading plugin at C:/opscode/chef/embedded/lib/ruby/gems/2.3.0/gems/ohai-8.23.0/lib/ohai/plugins/chef.rb
[2017-06-02T12:36:36-04:00] DEBUG: Loading plugin at C:/opscode/chef/embedded/lib/ruby/gems/2.3.0/gems/ohai-8.23.0/lib/ohai/plugins/cloud.rb
[2017-06-02T12:36:36-04:00] DEBUG: Loading plugin at C:/opscode/chef/embedded/lib/ruby/gems/2.3.0/gems/ohai-8.23.0/lib/ohai/plugins/cloud_v2.rb
[2017-06-02T12:36:36-04:00] DEBUG: Loading plugin at C:/opscode/chef/embedded/lib/ruby/gems/2.3.0/gems/ohai-8.23.0/lib/ohai/plugins/command.rb
[2017-06-02T12:36:36-04:00] DEBUG: Loading plugin at C:/opscode/chef/embedded/lib/ruby/gems/2.3.0/gems/ohai-8.23.0/lib/ohai/plugins/darwin/cpu.rb
[2017-06-02T12:36:36-04:00] DEBUG: Loading plugin at C:/opscode/chef/embedded/lib/ruby/gems/2.3.0/gems/ohai-8.23.0/lib/ohai/plugins/darwin/filesystem.rb
[2017-06-02T12:36:36-04:00] DEBUG: Loading plugin at C:/opscode/chef/embedded/lib/ruby/gems/2.3.0/gems/ohai-8.23.0/lib/ohai/plugins/darwin/filesystem2.rb
[2017-06-02T12:36:36-04:00] DEBUG: Loading plugin at C:/opscode/chef/embedded/lib/ruby/gems/2.3.0/gems/ohai-8.23.0/lib/ohai/plugins/darwin/hardware.rb
[2017-06-02T12:36:36-04:00] DEBUG: Loading plugin at C:/opscode/chef/embedded/lib/ruby/gems/2.3.0/gems/ohai-8.23.0/lib/ohai/plugins/darwin/memory.rb
[2017-06-02T12:36:36-04:00] DEBUG: Loading plugin at C:/opscode/chef/embedded/lib/ruby/gems/2.3.0/gems/ohai-8.23.0/lib/ohai/plugins/darwin/network.rb
[2017-06-02T12:36:36-04:00] DEBUG: Loading plugin at C:/opscode/chef/embedded/lib/ruby/gems/2.3.0/gems/ohai-8.23.0/lib/ohai/plugins/darwin/platform.rb
[2017-06-02T12:36:36-04:00] DEBUG: Loading plugin at C:/opscode/chef/embedded/lib/ruby/gems/2.3.0/gems/ohai-8.23.0/lib/ohai/plugins/darwin/system_profiler.rb
[2017-06-02T12:36:36-04:00] DEBUG: Loading plugin at C:/opscode/chef/embedded/lib/ruby/gems/2.3.0/gems/ohai-8.23.0/lib/ohai/plugins/darwin/virtualization.rb
[2017-06-02T12:36:36-04:00] DEBUG: Loading plugin at C:/opscode/chef/embedded/lib/ruby/gems/2.3.0/gems/ohai-8.23.0/lib/ohai/plugins/digital_ocean.rb
[2017-06-02T12:36:36-04:00] DEBUG: Loading plugin at C:/opscode/chef/embedded/lib/ruby/gems/2.3.0/gems/ohai-8.23.0/lib/ohai/plugins/dmi.rb
[2017-06-02T12:36:36-04:00] DEBUG: Loading plugin at C:/opscode/chef/embedded/lib/ruby/gems/2.3.0/gems/ohai-8.23.0/lib/ohai/plugins/dragonflybsd/cpu.rb
[2017-06-02T12:36:36-04:00] DEBUG: Loading plugin at C:/opscode/chef/embedded/lib/ruby/gems/2.3.0/gems/ohai-8.23.0/lib/ohai/plugins/dragonflybsd/memory.rb
[2017-06-02T12:36:36-04:00] DEBUG: Loading plugin at C:/opscode/chef/embedded/lib/ruby/gems/2.3.0/gems/ohai-8.23.0/lib/ohai/plugins/dragonflybsd/network.rb
[2017-06-02T12:36:36-04:00] DEBUG: Loading plugin at C:/opscode/chef/embedded/lib/ruby/gems/2.3.0/gems/ohai-8.23.0/lib/ohai/plugins/dragonflybsd/os.rb
[2017-06-02T12:36:36-04:00] DEBUG: Loading plugin at C:/opscode/chef/embedded/lib/ruby/gems/2.3.0/gems/ohai-8.23.0/lib/ohai/plugins/dragonflybsd/platform.rb
[2017-06-02T12:36:36-04:00] DEBUG: Loading plugin at C:/opscode/chef/embedded/lib/ruby/gems/2.3.0/gems/ohai-8.23.0/lib/ohai/plugins/ec2.rb
[2017-06-02T12:36:36-04:00] DEBUG: Loading plugin at C:/opscode/chef/embedded/lib/ruby/gems/2.3.0/gems/ohai-8.23.0/lib/ohai/plugins/elixir.rb
[2017-06-02T12:36:36-04:00] DEBUG: Loading plugin at C:/opscode/chef/embedded/lib/ruby/gems/2.3.0/gems/ohai-8.23.0/lib/ohai/plugins/erlang.rb
[2017-06-02T12:36:36-04:00] DEBUG: Loading plugin at C:/opscode/chef/embedded/lib/ruby/gems/2.3.0/gems/ohai-8.23.0/lib/ohai/plugins/eucalyptus.rb
[2017-06-02T12:36:36-04:00] DEBUG: Loading plugin at C:/opscode/chef/embedded/lib/ruby/gems/2.3.0/gems/ohai-8.23.0/lib/ohai/plugins/freebsd/cpu.rb
[2017-06-02T12:36:36-04:00] DEBUG: Loading plugin at C:/opscode/chef/embedded/lib/ruby/gems/2.3.0/gems/ohai-8.23.0/lib/ohai/plugins/freebsd/memory.rb
[2017-06-02T12:36:36-04:00] DEBUG: Loading plugin at C:/opscode/chef/embedded/lib/ruby/gems/2.3.0/gems/ohai-8.23.0/lib/ohai/plugins/freebsd/network.rb
[2017-06-02T12:36:36-04:00] DEBUG: Loading plugin at C:/opscode/chef/embedded/lib/ruby/gems/2.3.0/gems/ohai-8.23.0/lib/ohai/plugins/freebsd/os.rb
[2017-06-02T12:36:36-04:00] DEBUG: Loading plugin at C:/opscode/chef/embedded/lib/ruby/gems/2.3.0/gems/ohai-8.23.0/lib/ohai/plugins/freebsd/platform.rb
[2017-06-02T12:36:36-04:00] DEBUG: Loading plugin at C:/opscode/chef/embedded/lib/ruby/gems/2.3.0/gems/ohai-8.23.0/lib/ohai/plugins/gce.rb
[2017-06-02T12:36:36-04:00] DEBUG: Loading plugin at C:/opscode/chef/embedded/lib/ruby/gems/2.3.0/gems/ohai-8.23.0/lib/ohai/plugins/go.rb
[2017-06-02T12:36:36-04:00] DEBUG: Loading plugin at C:/opscode/chef/embedded/lib/ruby/gems/2.3.0/gems/ohai-8.23.0/lib/ohai/plugins/groovy.rb
[2017-06-02T12:36:36-04:00] DEBUG: Loading plugin at C:/opscode/chef/embedded/lib/ruby/gems/2.3.0/gems/ohai-8.23.0/lib/ohai/plugins/haskell.rb
[2017-06-02T12:36:36-04:00] DEBUG: Loading plugin at C:/opscode/chef/embedded/lib/ruby/gems/2.3.0/gems/ohai-8.23.0/lib/ohai/plugins/hostname.rb
[2017-06-02T12:36:36-04:00] DEBUG: Loading plugin at C:/opscode/chef/embedded/lib/ruby/gems/2.3.0/gems/ohai-8.23.0/lib/ohai/plugins/init_package.rb
[2017-06-02T12:36:36-04:00] DEBUG: Loading plugin at C:/opscode/chef/embedded/lib/ruby/gems/2.3.0/gems/ohai-8.23.0/lib/ohai/plugins/ip_scopes.rb
[2017-06-02T12:36:36-04:00] DEBUG: Loading plugin at C:/opscode/chef/embedded/lib/ruby/gems/2.3.0/gems/ohai-8.23.0/lib/ohai/plugins/java.rb
[2017-06-02T12:36:36-04:00] DEBUG: Loading plugin at C:/opscode/chef/embedded/lib/ruby/gems/2.3.0/gems/ohai-8.23.0/lib/ohai/plugins/joyent.rb
[2017-06-02T12:36:36-04:00] DEBUG: Loading plugin at C:/opscode/chef/embedded/lib/ruby/gems/2.3.0/gems/ohai-8.23.0/lib/ohai/plugins/kernel.rb
[2017-06-02T12:36:36-04:00] DEBUG: Loading plugin at C:/opscode/chef/embedded/lib/ruby/gems/2.3.0/gems/ohai-8.23.0/lib/ohai/plugins/keys.rb
[2017-06-02T12:36:36-04:00] DEBUG: Loading plugin at C:/opscode/chef/embedded/lib/ruby/gems/2.3.0/gems/ohai-8.23.0/lib/ohai/plugins/languages.rb
[2017-06-02T12:36:36-04:00] DEBUG: Loading plugin at C:/opscode/chef/embedded/lib/ruby/gems/2.3.0/gems/ohai-8.23.0/lib/ohai/plugins/linode.rb
[2017-06-02T12:36:36-04:00] DEBUG: Loading plugin at C:/opscode/chef/embedded/lib/ruby/gems/2.3.0/gems/ohai-8.23.0/lib/ohai/plugins/linux/block_device.rb
[2017-06-02T12:36:36-04:00] DEBUG: Loading plugin at C:/opscode/chef/embedded/lib/ruby/gems/2.3.0/gems/ohai-8.23.0/lib/ohai/plugins/linux/cpu.rb
[2017-06-02T12:36:36-04:00] DEBUG: Loading plugin at C:/opscode/chef/embedded/lib/ruby/gems/2.3.0/gems/ohai-8.23.0/lib/ohai/plugins/linux/filesystem.rb
[2017-06-02T12:36:36-04:00] DEBUG: Loading plugin at C:/opscode/chef/embedded/lib/ruby/gems/2.3.0/gems/ohai-8.23.0/lib/ohai/plugins/linux/filesystem2.rb
[2017-06-02T12:36:36-04:00] DEBUG: Loading plugin at C:/opscode/chef/embedded/lib/ruby/gems/2.3.0/gems/ohai-8.23.0/lib/ohai/plugins/linux/fips.rb
[2017-06-02T12:36:36-04:00] DEBUG: Loading plugin at C:/opscode/chef/embedded/lib/ruby/gems/2.3.0/gems/ohai-8.23.0/lib/ohai/plugins/linux/hostnamectl.rb
[2017-06-02T12:36:36-04:00] DEBUG: Loading plugin at C:/opscode/chef/embedded/lib/ruby/gems/2.3.0/gems/ohai-8.23.0/lib/ohai/plugins/linux/lsb.rb
[2017-06-02T12:36:36-04:00] DEBUG: Loading plugin at C:/opscode/chef/embedded/lib/ruby/gems/2.3.0/gems/ohai-8.23.0/lib/ohai/plugins/linux/machineid.rb
[2017-06-02T12:36:36-04:00] DEBUG: Loading plugin at C:/opscode/chef/embedded/lib/ruby/gems/2.3.0/gems/ohai-8.23.0/lib/ohai/plugins/linux/mdadm.rb
[2017-06-02T12:36:36-04:00] DEBUG: Loading plugin at C:/opscode/chef/embedded/lib/ruby/gems/2.3.0/gems/ohai-8.23.0/lib/ohai/plugins/linux/memory.rb
[2017-06-02T12:36:36-04:00] DEBUG: Loading plugin at C:/opscode/chef/embedded/lib/ruby/gems/2.3.0/gems/ohai-8.23.0/lib/ohai/plugins/linux/network.rb
[2017-06-02T12:36:36-04:00] DEBUG: Loading plugin at C:/opscode/chef/embedded/lib/ruby/gems/2.3.0/gems/ohai-8.23.0/lib/ohai/plugins/linux/platform.rb
[2017-06-02T12:36:36-04:00] DEBUG: Loading plugin at C:/opscode/chef/embedded/lib/ruby/gems/2.3.0/gems/ohai-8.23.0/lib/ohai/plugins/linux/sessions.rb
[2017-06-02T12:36:36-04:00] DEBUG: Loading plugin at C:/opscode/chef/embedded/lib/ruby/gems/2.3.0/gems/ohai-8.23.0/lib/ohai/plugins/linux/virtualization.rb
[2017-06-02T12:36:36-04:00] DEBUG: Loading plugin at C:/opscode/chef/embedded/lib/ruby/gems/2.3.0/gems/ohai-8.23.0/lib/ohai/plugins/lua.rb
[2017-06-02T12:36:36-04:00] DEBUG: Loading plugin at C:/opscode/chef/embedded/lib/ruby/gems/2.3.0/gems/ohai-8.23.0/lib/ohai/plugins/mono.rb
[2017-06-02T12:36:36-04:00] DEBUG: Loading plugin at C:/opscode/chef/embedded/lib/ruby/gems/2.3.0/gems/ohai-8.23.0/lib/ohai/plugins/netbsd/cpu.rb
[2017-06-02T12:36:36-04:00] DEBUG: Loading plugin at C:/opscode/chef/embedded/lib/ruby/gems/2.3.0/gems/ohai-8.23.0/lib/ohai/plugins/netbsd/memory.rb
[2017-06-02T12:36:36-04:00] DEBUG: Loading plugin at C:/opscode/chef/embedded/lib/ruby/gems/2.3.0/gems/ohai-8.23.0/lib/ohai/plugins/netbsd/network.rb
[2017-06-02T12:36:36-04:00] DEBUG: Loading plugin at C:/opscode/chef/embedded/lib/ruby/gems/2.3.0/gems/ohai-8.23.0/lib/ohai/plugins/netbsd/platform.rb
[2017-06-02T12:36:36-04:00] DEBUG: Loading plugin at C:/opscode/chef/embedded/lib/ruby/gems/2.3.0/gems/ohai-8.23.0/lib/ohai/plugins/network.rb
[2017-06-02T12:36:36-04:00] DEBUG: Loading plugin at C:/opscode/chef/embedded/lib/ruby/gems/2.3.0/gems/ohai-8.23.0/lib/ohai/plugins/network_listeners.rb
[2017-06-02T12:36:36-04:00] DEBUG: Loading plugin at C:/opscode/chef/embedded/lib/ruby/gems/2.3.0/gems/ohai-8.23.0/lib/ohai/plugins/nodejs.rb
[2017-06-02T12:36:36-04:00] DEBUG: Loading plugin at C:/opscode/chef/embedded/lib/ruby/gems/2.3.0/gems/ohai-8.23.0/lib/ohai/plugins/ohai.rb
[2017-06-02T12:36:36-04:00] DEBUG: Loading plugin at C:/opscode/chef/embedded/lib/ruby/gems/2.3.0/gems/ohai-8.23.0/lib/ohai/plugins/ohai_time.rb
[2017-06-02T12:36:36-04:00] DEBUG: Loading plugin at C:/opscode/chef/embedded/lib/ruby/gems/2.3.0/gems/ohai-8.23.0/lib/ohai/plugins/openbsd/cpu.rb
[2017-06-02T12:36:36-04:00] DEBUG: Loading plugin at C:/opscode/chef/embedded/lib/ruby/gems/2.3.0/gems/ohai-8.23.0/lib/ohai/plugins/openbsd/memory.rb
[2017-06-02T12:36:36-04:00] DEBUG: Loading plugin at C:/opscode/chef/embedded/lib/ruby/gems/2.3.0/gems/ohai-8.23.0/lib/ohai/plugins/openbsd/network.rb
[2017-06-02T12:36:36-04:00] DEBUG: Loading plugin at C:/opscode/chef/embedded/lib/ruby/gems/2.3.0/gems/ohai-8.23.0/lib/ohai/plugins/openbsd/platform.rb
[2017-06-02T12:36:36-04:00] DEBUG: Loading plugin at C:/opscode/chef/embedded/lib/ruby/gems/2.3.0/gems/ohai-8.23.0/lib/ohai/plugins/openstack.rb
[2017-06-02T12:36:36-04:00] DEBUG: Loading plugin at C:/opscode/chef/embedded/lib/ruby/gems/2.3.0/gems/ohai-8.23.0/lib/ohai/plugins/os.rb
[2017-06-02T12:36:36-04:00] DEBUG: Loading plugin at C:/opscode/chef/embedded/lib/ruby/gems/2.3.0/gems/ohai-8.23.0/lib/ohai/plugins/packages.rb
[2017-06-02T12:36:36-04:00] DEBUG: Loading plugin at C:/opscode/chef/embedded/lib/ruby/gems/2.3.0/gems/ohai-8.23.0/lib/ohai/plugins/passwd.rb
[2017-06-02T12:36:36-04:00] DEBUG: Loading plugin at C:/opscode/chef/embedded/lib/ruby/gems/2.3.0/gems/ohai-8.23.0/lib/ohai/plugins/perl.rb
[2017-06-02T12:36:36-04:00] DEBUG: Loading plugin at C:/opscode/chef/embedded/lib/ruby/gems/2.3.0/gems/ohai-8.23.0/lib/ohai/plugins/php.rb
[2017-06-02T12:36:36-04:00] DEBUG: Loading plugin at C:/opscode/chef/embedded/lib/ruby/gems/2.3.0/gems/ohai-8.23.0/lib/ohai/plugins/platform.rb
[2017-06-02T12:36:36-04:00] DEBUG: Loading plugin at C:/opscode/chef/embedded/lib/ruby/gems/2.3.0/gems/ohai-8.23.0/lib/ohai/plugins/powershell.rb
[2017-06-02T12:36:36-04:00] DEBUG: Loading plugin at C:/opscode/chef/embedded/lib/ruby/gems/2.3.0/gems/ohai-8.23.0/lib/ohai/plugins/ps.rb
[2017-06-02T12:36:36-04:00] DEBUG: Loading plugin at C:/opscode/chef/embedded/lib/ruby/gems/2.3.0/gems/ohai-8.23.0/lib/ohai/plugins/python.rb
[2017-06-02T12:36:36-04:00] DEBUG: Loading plugin at C:/opscode/chef/embedded/lib/ruby/gems/2.3.0/gems/ohai-8.23.0/lib/ohai/plugins/rackspace.rb
[2017-06-02T12:36:36-04:00] DEBUG: Loading plugin at C:/opscode/chef/embedded/lib/ruby/gems/2.3.0/gems/ohai-8.23.0/lib/ohai/plugins/root_group.rb
[2017-06-02T12:36:36-04:00] DEBUG: Loading plugin at C:/opscode/chef/embedded/lib/ruby/gems/2.3.0/gems/ohai-8.23.0/lib/ohai/plugins/ruby.rb
[2017-06-02T12:36:36-04:00] DEBUG: Loading plugin at C:/opscode/chef/embedded/lib/ruby/gems/2.3.0/gems/ohai-8.23.0/lib/ohai/plugins/rust.rb
[2017-06-02T12:36:36-04:00] DEBUG: Loading plugin at C:/opscode/chef/embedded/lib/ruby/gems/2.3.0/gems/ohai-8.23.0/lib/ohai/plugins/scala.rb
[2017-06-02T12:36:36-04:00] DEBUG: Loading plugin at C:/opscode/chef/embedded/lib/ruby/gems/2.3.0/gems/ohai-8.23.0/lib/ohai/plugins/shard.rb
[2017-06-02T12:36:36-04:00] DEBUG: Loading plugin at C:/opscode/chef/embedded/lib/ruby/gems/2.3.0/gems/ohai-8.23.0/lib/ohai/plugins/shells.rb
[2017-06-02T12:36:36-04:00] DEBUG: Loading plugin at C:/opscode/chef/embedded/lib/ruby/gems/2.3.0/gems/ohai-8.23.0/lib/ohai/plugins/sigar/cpu.rb
[2017-06-02T12:36:36-04:00] DEBUG: Loading plugin at C:/opscode/chef/embedded/lib/ruby/gems/2.3.0/gems/ohai-8.23.0/lib/ohai/plugins/sigar/filesystem.rb
[2017-06-02T12:36:36-04:00] DEBUG: Loading plugin at C:/opscode/chef/embedded/lib/ruby/gems/2.3.0/gems/ohai-8.23.0/lib/ohai/plugins/sigar/memory.rb
[2017-06-02T12:36:36-04:00] DEBUG: Loading plugin at C:/opscode/chef/embedded/lib/ruby/gems/2.3.0/gems/ohai-8.23.0/lib/ohai/plugins/sigar/network.rb
[2017-06-02T12:36:36-04:00] DEBUG: Loading plugin at C:/opscode/chef/embedded/lib/ruby/gems/2.3.0/gems/ohai-8.23.0/lib/ohai/plugins/sigar/network_route.rb
[2017-06-02T12:36:36-04:00] DEBUG: Could not load sigar gem. Skipping NetworkRoutes plugin
[2017-06-02T12:36:36-04:00] DEBUG: Loading plugin at C:/opscode/chef/embedded/lib/ruby/gems/2.3.0/gems/ohai-8.23.0/lib/ohai/plugins/sigar/platform.rb
[2017-06-02T12:36:36-04:00] DEBUG: Loading plugin at C:/opscode/chef/embedded/lib/ruby/gems/2.3.0/gems/ohai-8.23.0/lib/ohai/plugins/softlayer.rb
[2017-06-02T12:36:36-04:00] DEBUG: Loading plugin at C:/opscode/chef/embedded/lib/ruby/gems/2.3.0/gems/ohai-8.23.0/lib/ohai/plugins/solaris2/cpu.rb
[2017-06-02T12:36:36-04:00] DEBUG: Loading plugin at C:/opscode/chef/embedded/lib/ruby/gems/2.3.0/gems/ohai-8.23.0/lib/ohai/plugins/solaris2/dmi.rb
[2017-06-02T12:36:36-04:00] DEBUG: Loading plugin at C:/opscode/chef/embedded/lib/ruby/gems/2.3.0/gems/ohai-8.23.0/lib/ohai/plugins/solaris2/filesystem.rb
[2017-06-02T12:36:36-04:00] DEBUG: Loading plugin at C:/opscode/chef/embedded/lib/ruby/gems/2.3.0/gems/ohai-8.23.0/lib/ohai/plugins/solaris2/memory.rb
[2017-06-02T12:36:36-04:00] DEBUG: Loading plugin at C:/opscode/chef/embedded/lib/ruby/gems/2.3.0/gems/ohai-8.23.0/lib/ohai/plugins/solaris2/network.rb
[2017-06-02T12:36:36-04:00] DEBUG: Loading plugin at C:/opscode/chef/embedded/lib/ruby/gems/2.3.0/gems/ohai-8.23.0/lib/ohai/plugins/solaris2/platform.rb
[2017-06-02T12:36:36-04:00] DEBUG: Loading plugin at C:/opscode/chef/embedded/lib/ruby/gems/2.3.0/gems/ohai-8.23.0/lib/ohai/plugins/solaris2/virtualization.rb
[2017-06-02T12:36:36-04:00] DEBUG: Loading plugin at C:/opscode/chef/embedded/lib/ruby/gems/2.3.0/gems/ohai-8.23.0/lib/ohai/plugins/solaris2/zpools.rb
[2017-06-02T12:36:36-04:00] DEBUG: Loading plugin at C:/opscode/chef/embedded/lib/ruby/gems/2.3.0/gems/ohai-8.23.0/lib/ohai/plugins/ssh_host_key.rb
[2017-06-02T12:36:36-04:00] DEBUG: Loading plugin at C:/opscode/chef/embedded/lib/ruby/gems/2.3.0/gems/ohai-8.23.0/lib/ohai/plugins/sysconf.rb
[2017-06-02T12:36:36-04:00] DEBUG: Loading plugin at C:/opscode/chef/embedded/lib/ruby/gems/2.3.0/gems/ohai-8.23.0/lib/ohai/plugins/timezone.rb
[2017-06-02T12:36:36-04:00] DEBUG: Loading plugin at C:/opscode/chef/embedded/lib/ruby/gems/2.3.0/gems/ohai-8.23.0/lib/ohai/plugins/uptime.rb
[2017-06-02T12:36:36-04:00] DEBUG: Loading plugin at C:/opscode/chef/embedded/lib/ruby/gems/2.3.0/gems/ohai-8.23.0/lib/ohai/plugins/virtualbox.rb
[2017-06-02T12:36:36-04:00] DEBUG: Loading plugin at C:/opscode/chef/embedded/lib/ruby/gems/2.3.0/gems/ohai-8.23.0/lib/ohai/plugins/virtualization.rb
[2017-06-02T12:36:36-04:00] DEBUG: Loading plugin at C:/opscode/chef/embedded/lib/ruby/gems/2.3.0/gems/ohai-8.23.0/lib/ohai/plugins/vmware.rb
[2017-06-02T12:36:36-04:00] DEBUG: Loading plugin at C:/opscode/chef/embedded/lib/ruby/gems/2.3.0/gems/ohai-8.23.0/lib/ohai/plugins/windows/cpu.rb
[2017-06-02T12:36:36-04:00] DEBUG: Loading plugin at C:/opscode/chef/embedded/lib/ruby/gems/2.3.0/gems/ohai-8.23.0/lib/ohai/plugins/windows/drivers.rb
[2017-06-02T12:36:36-04:00] DEBUG: Loading plugin at C:/opscode/chef/embedded/lib/ruby/gems/2.3.0/gems/ohai-8.23.0/lib/ohai/plugins/windows/filesystem.rb
[2017-06-02T12:36:36-04:00] DEBUG: Loading plugin at C:/opscode/chef/embedded/lib/ruby/gems/2.3.0/gems/ohai-8.23.0/lib/ohai/plugins/windows/fips.rb
[2017-06-02T12:36:36-04:00] DEBUG: Loading plugin at C:/opscode/chef/embedded/lib/ruby/gems/2.3.0/gems/ohai-8.23.0/lib/ohai/plugins/windows/memory.rb
[2017-06-02T12:36:36-04:00] DEBUG: Loading plugin at C:/opscode/chef/embedded/lib/ruby/gems/2.3.0/gems/ohai-8.23.0/lib/ohai/plugins/windows/network.rb
[2017-06-02T12:36:36-04:00] DEBUG: Loading plugin at C:/opscode/chef/embedded/lib/ruby/gems/2.3.0/gems/ohai-8.23.0/lib/ohai/plugins/windows/platform.rb
[2017-06-02T12:36:36-04:00] DEBUG: Loading plugin at C:/opscode/chef/embedded/lib/ruby/gems/2.3.0/gems/ohai-8.23.0/lib/ohai/plugins/windows/virtualization.rb
[2017-06-02T12:36:38-04:00] DEBUG: Plugin Network: ran 'arp -a' and returned 0
[2017-06-02T12:36:38-04:00] DEBUG: Could not load sigar gem. Skipping NetworkListeners plugin
[2017-06-02T12:36:38-04:00] DEBUG: Plugin Network: [inet] Using default interface 0xc and default gateway 10.156.44.1 to set the default ip to 10.156.47.63
[2017-06-02T12:36:38-04:00] DEBUG: Plugin Network: setting macaddress to '12:D7:7D:DA:A9:C0' from interface '0xc' for family 'inet'
[2017-06-02T12:36:38-04:00] DEBUG: Plugin Network: [inet6] no default interface, picking the first ipaddress
[2017-06-02T12:36:38-04:00] DEBUG: Plugin LSB: No data to collect. Skipping...
[2017-06-02T12:36:38-04:00] DEBUG: Did not find hint azure.json in the hint path(s): C:\chef\ohai\hints 
[2017-06-02T12:36:38-04:00] DEBUG: Plugin Azure: No hints present for azure and doesn't appear to be azure.
[2017-06-02T12:36:38-04:00] DEBUG: Plugin C: ran 'cl /?' and returned 1
[2017-06-02T12:36:38-04:00] DEBUG: Plugin C: 'cl /?' failed. Skipping data.
[2017-06-02T12:36:38-04:00] DEBUG: Plugin C: ran 'devenv.com /?' and returned 1
[2017-06-02T12:36:38-04:00] DEBUG: Plugin C: 'devenv.com /?' failed. Skipping data.
[2017-06-02T12:36:38-04:00] DEBUG: Plugin Elixir: ran 'elixir -v' and returned 1
[2017-06-02T12:36:38-04:00] DEBUG: Plugin Erlang: ran 'erl -eval '{ok, Ver} = file:read_file(filename:join([code:root_dir(), "releases", erlang:system_info(otp_release), "OTP_VERSION"])), Vsn = binary:bin_to_list(Ver, {0, byte_size(Ver) - 1}), io:format("~s,~s,~s", [Vsn, erlang:system_info(version), erlang:system_info(nif_version)]), halt().' -noshell' and returned 1
[2017-06-02T12:36:38-04:00] DEBUG: Plugin Erlang: ran 'erl +V' and returned 1
[2017-06-02T12:36:38-04:00] DEBUG: Plugin Go: ran 'go version' and returned 1
[2017-06-02T12:36:38-04:00] DEBUG: Plugin Groovy: ran 'groovy -v' and returned 1
[2017-06-02T12:36:38-04:00] DEBUG: Plugin Haskell: ran 'ghc --version' and returned 1
[2017-06-02T12:36:38-04:00] DEBUG: Plugin Haskell: ran 'ghci --version' and returned 1
[2017-06-02T12:36:38-04:00] DEBUG: Plugin Haskell: ran 'cabal --version' and returned 1
[2017-06-02T12:36:38-04:00] DEBUG: Plugin Haskell: ran 'stack --version' and returned 1
[2017-06-02T12:36:38-04:00] DEBUG: Plugin Java: ran 'java -mx64m -version' and returned 1
[2017-06-02T12:36:38-04:00] DEBUG: Plugin Lua: ran 'lua -v' and returned 1
[2017-06-02T12:36:38-04:00] DEBUG: Plugin Mono: ran 'mono -V' and returned 1
[2017-06-02T12:36:38-04:00] DEBUG: Plugin Nodejs: ran 'node -v' and returned 1
[2017-06-02T12:36:39-04:00] DEBUG: Plugin Perl: ran 'perl -V:version -V:archname' and returned 0
[2017-06-02T12:36:39-04:00] DEBUG: Plugin PHP: ran 'php -v' and returned 1
[2017-06-02T12:36:40-04:00] DEBUG: Plugin Powershell: ran 'powershell.exe -NoLogo -NonInteractive -NoProfile -command $PSVersionTable' and returned 0
[2017-06-02T12:36:40-04:00] DEBUG: Plugin Powershell: ran 'powershell.exe -NoLogo -NonInteractive -NoProfile -Command "$progresspreference = 'silentlycontinue'; $PSVersionTable.PSCompatibleVersions | foreach {$_.tostring()}"' and returned 0
[2017-06-02T12:36:40-04:00] DEBUG: Plugin Python: ran 'python -c "import sys; print (sys.version)"' and returned 1
[2017-06-02T12:36:40-04:00] DEBUG: Plugin Ruby: ran 'ruby -e "require 'rbconfig'; puts %Q(platform=#{RUBY_PLATFORM},version=#{RUBY_VERSION},release_date=#{RUBY_RELEASE_DATE},target=#{RbConfig::CONFIG['target']},target_cpu=#{RbConfig::CONFIG['target_cpu']},target_vendor=#{RbConfig::CONFIG['target_vendor']},target_os=#{RbConfig::CONFIG['target_os']},host=#{RbConfig::CONFIG['host']},host_cpu=#{RbConfig::CONFIG['host_cpu']},host_os=#{RbConfig::CONFIG['host_os']},host_vendor=#{RbConfig::CONFIG['host_vendor']},bin_dir=#{RbConfig::CONFIG['bindir']},ruby_bin=#{::File.join(RbConfig::CONFIG['bindir'], RbConfig::CONFIG['ruby_install_name'])},)"' and returned 0
[2017-06-02T12:36:40-04:00] DEBUG: Plugin Ruby: ran 'ruby -e "require 'rbconfig'; require 'rubygems'; puts ::Gem.default_exec_format % 'gem'"' and returned 0
[2017-06-02T12:36:41-04:00] DEBUG: Plugin Ruby: ran 'ruby -e "require 'rbconfig'; puts %x{C:/opscode/chef/embedded/bin/ruby C:/opscode/chef/embedded/bin/gem env gemdir}.chomp!"' and returned 0
[2017-06-02T12:36:41-04:00] DEBUG: Plugin Rust: ran 'rustc --version' and returned 1
[2017-06-02T12:36:41-04:00] DEBUG: Plugin Scala: ran 'scala -version' and returned 1
[2017-06-02T12:36:41-04:00] DEBUG: Plugin Scala: ran 'sbt --version' and returned 1
[2017-06-02T12:36:41-04:00] DEBUG: Plugin DMI: ran 'dmidecode' and returned 1
[2017-06-02T12:36:41-04:00] DEBUG: Did not find hint ec2.json in the hint path(s): C:\chef\ohai\hints 
[2017-06-02T12:36:41-04:00] DEBUG: Plugin EC2: has_ec2_xen_uuid? == false
[2017-06-02T12:36:41-04:00] DEBUG: Plugin EC2: has_ec2_dmi? == false
[2017-06-02T12:36:41-04:00] DEBUG: Plugin EC2: has_amazon_org? == true
[2017-06-02T12:36:41-04:00] DEBUG: ec2 metadata mixin: can_metadata_connect? == true
[2017-06-02T12:36:41-04:00] DEBUG: Plugin EC2: looks_like_ec2? == true
[2017-06-02T12:36:41-04:00] DEBUG: ec2 metadata mixin: EC2 shows unsupported metadata version: 2016-09-02
[2017-06-02T12:36:41-04:00] DEBUG: ec2 metadata mixin: EC2 shows unsupported metadata version: 2016-06-30
[2017-06-02T12:36:41-04:00] DEBUG: ec2 metadata mixin: EC2 shows unsupported metadata version: 2016-04-19
[2017-06-02T12:36:41-04:00] DEBUG: ec2 metadata mixin: EC2 shows unsupported metadata version: 2015-10-20
[2017-06-02T12:36:41-04:00] DEBUG: ec2 metadata mixin: EC2 metadata version: 2014-11-05
[2017-06-02T12:36:42-04:00] DEBUG: ec2 metadata mixin: EC2 shows unsupported metadata version: 2016-09-02
[2017-06-02T12:36:42-04:00] DEBUG: ec2 metadata mixin: EC2 shows unsupported metadata version: 2016-06-30
[2017-06-02T12:36:42-04:00] DEBUG: ec2 metadata mixin: EC2 shows unsupported metadata version: 2016-04-19
[2017-06-02T12:36:42-04:00] DEBUG: ec2 metadata mixin: EC2 shows unsupported metadata version: 2015-10-20
[2017-06-02T12:36:42-04:00] DEBUG: ec2 metadata mixin: EC2 metadata version: 2014-11-05
[2017-06-02T12:36:42-04:00] DEBUG: ec2 metadata mixin: EC2 shows unsupported metadata version: 2016-09-02
[2017-06-02T12:36:42-04:00] DEBUG: ec2 metadata mixin: EC2 shows unsupported metadata version: 2016-06-30
[2017-06-02T12:36:42-04:00] DEBUG: ec2 metadata mixin: EC2 shows unsupported metadata version: 2016-04-19
[2017-06-02T12:36:42-04:00] DEBUG: ec2 metadata mixin: EC2 shows unsupported metadata version: 2015-10-20
[2017-06-02T12:36:42-04:00] DEBUG: ec2 metadata mixin: EC2 metadata version: 2014-11-05
[2017-06-02T12:36:42-04:00] DEBUG: Did not find hint gce.json in the hint path(s): C:\chef\ohai\hints 
[2017-06-02T12:36:42-04:00] DEBUG: Mixin GCE: can_metadata_connect? failed setting up socket: getaddrinfo: No such host is known. 
[2017-06-02T12:36:42-04:00] DEBUG: Plugin GCE: looks_like_gce? == false
[2017-06-02T12:36:42-04:00] DEBUG: Did not find hint rackspace.json in the hint path(s): C:\chef\ohai\hints 
[2017-06-02T12:36:42-04:00] DEBUG: Plugin Rackspace: ran 'xenstore-read vm-data/provider_data/provider' and returned 1
[2017-06-02T12:36:42-04:00] DEBUG: Did not find hint eucalyptus.json in the hint path(s): C:\chef\ohai\hints 
[2017-06-02T12:36:42-04:00] DEBUG: Plugin Eucalyptus: has_euca_mac? == false
[2017-06-02T12:36:42-04:00] DEBUG: Plugin Eucalyptus: looks_like_euca? == false
[2017-06-02T12:36:42-04:00] DEBUG: Did not find hint linode.json in the hint path(s): C:\chef\ohai\hints 
[2017-06-02T12:36:42-04:00] DEBUG: Plugin Linode: looks_like_linode? == false
[2017-06-02T12:36:42-04:00] DEBUG: Did not find hint openstack.json in the hint path(s): C:\chef\ohai\hints 
[2017-06-02T12:36:42-04:00] DEBUG: Plugin Openstack: openstack hint not present
[2017-06-02T12:36:42-04:00] DEBUG: Plugin Openstack: has_openstack_dmi? == false
[2017-06-02T12:36:42-04:00] DEBUG: Plugin Openstack: Node does not appear to be an Openstack node
[2017-06-02T12:36:42-04:00] DEBUG: Did not find hint digital_ocean.json in the hint path(s): C:\chef\ohai\hints 
[2017-06-02T12:36:42-04:00] DEBUG: Plugin Digitalocean: No hints present for and doesn't look like digitalocean
[2017-06-02T12:36:42-04:00] DEBUG: Did not find hint softlayer.json in the hint path(s): C:\chef\ohai\hints 
[2017-06-02T12:36:42-04:00] DEBUG: Plugin Softlayer: looks_like_softlayer? == false
[2017-06-02T12:36:42-04:00] DEBUG: Plugin PS: No data to collect. Skipping...
[2017-06-02T12:36:42-04:00] DEBUG: Plugin Filesystem2: No data to collect. Skipping...
[2017-06-02T12:36:42-04:00] DEBUG: Plugin Hardware: No data to collect. Skipping...
[2017-06-02T12:36:42-04:00] DEBUG: Plugin SystemProfile: No data to collect. Skipping...
[2017-06-02T12:36:42-04:00] DEBUG: Plugin InitPackage: No data to collect. Skipping...
[2017-06-02T12:36:42-04:00] DEBUG: Plugin IpScopes: cannot load gem, plugin disabled: cannot load such file -- ipaddr_extensions
[2017-06-02T12:36:42-04:00] DEBUG: Failed to find sshd configuration file
[2017-06-02T12:36:42-04:00] DEBUG: Plugin BlockDevice: No data to collect. Skipping...
[2017-06-02T12:36:42-04:00] DEBUG: Plugin Hostnamectl: No data to collect. Skipping...
[2017-06-02T12:36:42-04:00] DEBUG: Plugin Machineid: No data to collect. Skipping...
[2017-06-02T12:36:42-04:00] DEBUG: Plugin Mdadm: No data to collect. Skipping...
[2017-06-02T12:36:42-04:00] DEBUG: Plugin Sessions: No data to collect. Skipping...
[2017-06-02T12:36:42-04:00] DEBUG: Plugin ShardSeed: No data to collect. Skipping...
[2017-06-02T12:36:42-04:00] DEBUG: Plugin Zpools: No data to collect. Skipping...
[2017-06-02T12:36:42-04:00] DEBUG: Plugin Sysconf: No data to collect. Skipping...
[2017-06-02T12:36:42-04:00] DEBUG: Plugin Virtualbox: ran 'VBoxControl guestproperty enumerate' and returned 1
[2017-06-02T12:36:42-04:00] DEBUG: Plugin VMware: No data to collect. Skipping...
[2017-06-02T12:36:42-04:00] DEBUG: Client key c:\chef\client.pem is present - skipping registration
[2017-06-02T12:36:42-04:00] DEBUG: Building node object for ip-0A9C2F3F.company.local
[2017-06-02T12:36:42-04:00] DEBUG: Chef::HTTP calling Chef::HTTP::JSONInput#handle_request
[2017-06-02T12:36:42-04:00] DEBUG: Chef::HTTP calling Chef::HTTP::JSONOutput#handle_request
[2017-06-02T12:36:42-04:00] DEBUG: Chef::HTTP calling Chef::HTTP::CookieManager#handle_request
[2017-06-02T12:36:42-04:00] DEBUG: Chef::HTTP calling Chef::HTTP::Decompressor#handle_request
[2017-06-02T12:36:42-04:00] DEBUG: Chef::HTTP calling Chef::HTTP::Authenticator#handle_request
[2017-06-02T12:36:42-04:00] DEBUG: Signing the request as ip-0A9C2F3F.company.local
[2017-06-02T12:36:42-04:00] DEBUG: String to sign: 'Method:GET
Hashed Path:fMrMUMQ7wa4/OmxUYdiW7Puh/KQ=
X-Ops-Content-Hash:2jmj7l5rSw0yVb/vlWAYkK/YBwk=
X-Ops-Timestamp:2017-06-02T16:36:42Z
X-Ops-UserId:SJCZwhjuc6MbC9iMIdpPDAVNuDA='
[2017-06-02T12:36:42-04:00] DEBUG: Header hash: {"X-Ops-Sign"=>"algorithm=sha1;version=1.1;", "X-Ops-Userid"=>"ip-0A9C2F3F.company.local", "X-Ops-Timestamp"=>"2017-06-02T16:36:42Z", "X-Ops-Content-Hash"=>"2jmj7l5rSw0yVb/vlWAYkK/YBwk=", "X-Ops-Authorization-1"=>"EUnCJurQOZaww1G8y2wGj/TTRSH0um5KEyu23/nZPOx0s4DPxTHKHdK18IgJ", "X-Ops-Authorization-2"=>"6MeF+GRELFG22ptfMBq93joLPcpW7VL3oVC3dk62TDilM4M2xzxTpc6kc8Ed", "X-Ops-Authorization-3"=>"wJWBoyq5+Pv5f3RFVen2N1f3gI9egfOMzMtpa8HIiVpEfsZCVboAxU3CU+dh", "X-Ops-Authorization-4"=>"TNI1Z3HsiP7YBsB7QV5WckMbz1q7S50bNlpmWVZDgU8ZVlk5hDImxk6VlyHH", "X-Ops-Authorization-5"=>"9meEyPZ+F+FovCUoN1fzv82O63QIlhA1rOG1eUtloXjNzVthlLK9WL+6dg8u", "X-Ops-Authorization-6"=>"Cu0emFcODo7gTMl0Hdy2KG7AczsgWZDwPhiGKL0cvQ=="}
[2017-06-02T12:36:42-04:00] DEBUG: Chef::HTTP calling Chef::HTTP::RemoteRequestID#handle_request
[2017-06-02T12:36:42-04:00] DEBUG: Chef::HTTP calling Chef::HTTP::APIVersions#handle_request
[2017-06-02T12:36:42-04:00] DEBUG: Chef::HTTP calling Chef::HTTP::ValidateContentLength#handle_request
[2017-06-02T12:36:42-04:00] DEBUG: Initiating GET to https://server/organizations/company/nodes/ip-0A9C2F3F.company.local
[2017-06-02T12:36:42-04:00] DEBUG: ---- HTTP Request Header Data: ----
[2017-06-02T12:36:42-04:00] DEBUG: Accept: application/json
[2017-06-02T12:36:42-04:00] DEBUG: Accept-Encoding: gzip;q=1.0,deflate;q=0.6,identity;q=0.3
[2017-06-02T12:36:42-04:00] DEBUG: X-Ops-Server-API-Version: 1
[2017-06-02T12:36:42-04:00] DEBUG: X-OPS-SIGN: algorithm=sha1;version=1.1;
[2017-06-02T12:36:42-04:00] DEBUG: X-OPS-USERID: ip-0A9C2F3F.company.local
[2017-06-02T12:36:42-04:00] DEBUG: X-OPS-TIMESTAMP: 2017-06-02T16:36:42Z
[2017-06-02T12:36:42-04:00] DEBUG: X-OPS-CONTENT-HASH: 2jmj7l5rSw0yVb/vlWAYkK/YBwk=
[2017-06-02T12:36:42-04:00] DEBUG: X-OPS-AUTHORIZATION-1: EUnCJurQOZaww1G8y2wGj/TTRSH0um5KEyu23/nZPOx0s4DPxTHKHdK18IgJ
[2017-06-02T12:36:42-04:00] DEBUG: X-OPS-AUTHORIZATION-2: 6MeF+GRELFG22ptfMBq93joLPcpW7VL3oVC3dk62TDilM4M2xzxTpc6kc8Ed
[2017-06-02T12:36:42-04:00] DEBUG: X-OPS-AUTHORIZATION-3: wJWBoyq5+Pv5f3RFVen2N1f3gI9egfOMzMtpa8HIiVpEfsZCVboAxU3CU+dh
[2017-06-02T12:36:42-04:00] DEBUG: X-OPS-AUTHORIZATION-4: TNI1Z3HsiP7YBsB7QV5WckMbz1q7S50bNlpmWVZDgU8ZVlk5hDImxk6VlyHH
[2017-06-02T12:36:42-04:00] DEBUG: X-OPS-AUTHORIZATION-5: 9meEyPZ+F+FovCUoN1fzv82O63QIlhA1rOG1eUtloXjNzVthlLK9WL+6dg8u
[2017-06-02T12:36:42-04:00] DEBUG: X-OPS-AUTHORIZATION-6: Cu0emFcODo7gTMl0Hdy2KG7AczsgWZDwPhiGKL0cvQ==
[2017-06-02T12:36:42-04:00] DEBUG: HOST: 10.169.27.235:443
[2017-06-02T12:36:42-04:00] DEBUG: X-REMOTE-REQUEST-ID: cdd86c1c-864c-4c3b-9c26-18f6a0131829
[2017-06-02T12:36:42-04:00] DEBUG: ---- End HTTP Request Header Data ----
[2017-06-02T12:36:42-04:00] DEBUG: ---- HTTP Status and Header Data: ----
[2017-06-02T12:36:42-04:00] DEBUG: HTTP 1.1 200 OK
[2017-06-02T12:36:42-04:00] DEBUG: server: openresty/1.11.2.1
[2017-06-02T12:36:42-04:00] DEBUG: date: Fri, 02 Jun 2017 16:36:42 GMT
[2017-06-02T12:36:42-04:00] DEBUG: content-type: application/json
[2017-06-02T12:36:42-04:00] DEBUG: transfer-encoding: chunked
[2017-06-02T12:36:42-04:00] DEBUG: connection: close
[2017-06-02T12:36:42-04:00] DEBUG: x-ops-server-api-version: {"min_version":"0","max_version":"1","request_version":"1","response_version":"1"}
[2017-06-02T12:36:42-04:00] DEBUG: x-ops-api-info: flavor=cs;version=12.0.0;oc_erchef=12.12.0
[2017-06-02T12:36:42-04:00] DEBUG: content-encoding: gzip
[2017-06-02T12:36:42-04:00] DEBUG: ---- End HTTP Status/Header Data ----
[2017-06-02T12:36:42-04:00] DEBUG: Chef::HTTP calling Chef::HTTP::ValidateContentLength#handle_response
[2017-06-02T12:36:42-04:00] DEBUG: HTTP server did not include a Content-Length header in response, cannot identify truncated downloads.
[2017-06-02T12:36:42-04:00] DEBUG: Chef::HTTP calling Chef::HTTP::APIVersions#handle_response
[2017-06-02T12:36:42-04:00] DEBUG: Chef::HTTP calling Chef::HTTP::RemoteRequestID#handle_response
[2017-06-02T12:36:42-04:00] DEBUG: Chef::HTTP calling Chef::HTTP::Authenticator#handle_response
[2017-06-02T12:36:42-04:00] DEBUG: Chef::HTTP calling Chef::HTTP::Decompressor#handle_response
[2017-06-02T12:36:42-04:00] DEBUG: Decompressing gzip response
[2017-06-02T12:36:42-04:00] DEBUG: Chef::HTTP calling Chef::HTTP::CookieManager#handle_response
[2017-06-02T12:36:42-04:00] DEBUG: Chef::HTTP calling Chef::HTTP::JSONOutput#handle_response
[2017-06-02T12:36:42-04:00] DEBUG: Chef::HTTP calling Chef::HTTP::JSONInput#handle_response
[2017-06-02T12:36:42-04:00] DEBUG: Extracting run list from JSON attributes provided on command line
[2017-06-02T12:36:42-04:00] INFO: Setting the run_list to ["recipe[cookbook_cvgx_windows2012r2-sql_postinstall::default]"] from CLI options
[2017-06-02T12:36:42-04:00] DEBUG: Applying attributes from json file
[2017-06-02T12:36:42-04:00] DEBUG: Platform is windows version 6.3.9600
[2017-06-02T12:36:42-04:00] INFO: Run List is [recipe[cookbook_cvgx_windows2012r2-sql_postinstall::default]]
[2017-06-02T12:36:42-04:00] INFO: Run List expands to [cookbook_cvgx_windows2012r2-sql_postinstall::default]
[2017-06-02T12:36:42-04:00] INFO: Starting Chef Run for ip-0A9C2F3F.company.local
[2017-06-02T12:36:42-04:00] INFO: Running start handlers
[2017-06-02T12:36:42-04:00] INFO: Start handlers complete.
[2017-06-02T12:36:42-04:00] DEBUG: Chef::HTTP calling Chef::HTTP::JSONInput#handle_request
[2017-06-02T12:36:42-04:00] DEBUG: Chef::HTTP calling Chef::HTTP::JSONOutput#handle_request
[2017-06-02T12:36:42-04:00] DEBUG: Chef::HTTP calling Chef::HTTP::CookieManager#handle_request
[2017-06-02T12:36:42-04:00] DEBUG: Chef::HTTP calling Chef::HTTP::Decompressor#handle_request
[2017-06-02T12:36:42-04:00] DEBUG: Chef::HTTP calling Chef::HTTP::Authenticator#handle_request
[2017-06-02T12:36:42-04:00] DEBUG: Signing the request as ip-0A9C2F3F.company.local
[2017-06-02T12:36:42-04:00] DEBUG: String to sign: 'Method:POST
Hashed Path:vzgta4YStjhT8pVNRRwvrAJDaTc=
X-Ops-Content-Hash:gd14eoLW+E5lkakk+KWvP9dU69k=
X-Ops-Timestamp:2017-06-02T16:36:42Z
X-Ops-UserId:SJCZwhjuc6MbC9iMIdpPDAVNuDA='
[2017-06-02T12:36:42-04:00] DEBUG: Header hash: {"X-Ops-Sign"=>"algorithm=sha1;version=1.1;", "X-Ops-Userid"=>"ip-0A9C2F3F.company.local", "X-Ops-Timestamp"=>"2017-06-02T16:36:42Z", "X-Ops-Content-Hash"=>"gd14eoLW+E5lkakk+KWvP9dU69k=", "X-Ops-Authorization-1"=>"ORGmqMbShFOLyeNpv7S6KRkjyuGQd9vbanRybYbWzkTyvn5Qs+Bk6b4Y+AQv", "X-Ops-Authorization-2"=>"HW5ivd3/62uGc23EULgC2+lqvPhwimlTOpppzPQnWEbKnlVBuf5tb0n6uV/Z", "X-Ops-Authorization-3"=>"wmXYSlDH9shjxQwpAJ0/fefJyGADp61W8X8mqiDJDBhm+ATSivHvNggNSsss", "X-Ops-Authorization-4"=>"rri5Sy0Krpf7PSQnzvvNSPmrMTIw0saP4wEjZOVUwamHCoiD7S4FHV7Eo5EB", "X-Ops-Authorization-5"=>"K8Il8lz4Tev6yjDif5grtxdLYyR5WHSttA2M/QBBwROyva1HfqcGZLyea2p0", "X-Ops-Authorization-6"=>"BGoftBxC0y6+RQU+YXt0sIabARuX6PcAcRrP4OgOOg=="}
[2017-06-02T12:36:42-04:00] DEBUG: Chef::HTTP calling Chef::HTTP::RemoteRequestID#handle_request
[2017-06-02T12:36:42-04:00] DEBUG: Chef::HTTP calling Chef::HTTP::APIVersions#handle_request
[2017-06-02T12:36:42-04:00] DEBUG: Chef::HTTP calling Chef::HTTP::ValidateContentLength#handle_request
[2017-06-02T12:36:42-04:00] DEBUG: Initiating POST to https://server/organizations/company/reports/nodes/ip-0A9C2F3F.company.local/runs
[2017-06-02T12:36:42-04:00] DEBUG: ---- HTTP Request Header Data: ----
[2017-06-02T12:36:42-04:00] DEBUG: X-Ops-Reporting-Protocol-Version: 0.1.0
[2017-06-02T12:36:42-04:00] DEBUG: Content-Type: application/json
[2017-06-02T12:36:42-04:00] DEBUG: Accept: application/json
[2017-06-02T12:36:42-04:00] DEBUG: Accept-Encoding: gzip;q=1.0,deflate;q=0.6,identity;q=0.3
[2017-06-02T12:36:42-04:00] DEBUG: X-Ops-Server-API-Version: 1
[2017-06-02T12:36:42-04:00] DEBUG: X-OPS-SIGN: algorithm=sha1;version=1.1;
[2017-06-02T12:36:42-04:00] DEBUG: X-OPS-USERID: ip-0A9C2F3F.company.local
[2017-06-02T12:36:42-04:00] DEBUG: X-OPS-TIMESTAMP: 2017-06-02T16:36:42Z
[2017-06-02T12:36:42-04:00] DEBUG: X-OPS-CONTENT-HASH: gd14eoLW+E5lkakk+KWvP9dU69k=
[2017-06-02T12:36:42-04:00] DEBUG: X-OPS-AUTHORIZATION-1: ORGmqMbShFOLyeNpv7S6KRkjyuGQd9vbanRybYbWzkTyvn5Qs+Bk6b4Y+AQv
[2017-06-02T12:36:42-04:00] DEBUG: X-OPS-AUTHORIZATION-2: HW5ivd3/62uGc23EULgC2+lqvPhwimlTOpppzPQnWEbKnlVBuf5tb0n6uV/Z
[2017-06-02T12:36:42-04:00] DEBUG: X-OPS-AUTHORIZATION-3: wmXYSlDH9shjxQwpAJ0/fefJyGADp61W8X8mqiDJDBhm+ATSivHvNggNSsss
[2017-06-02T12:36:42-04:00] DEBUG: X-OPS-AUTHORIZATION-4: rri5Sy0Krpf7PSQnzvvNSPmrMTIw0saP4wEjZOVUwamHCoiD7S4FHV7Eo5EB
[2017-06-02T12:36:42-04:00] DEBUG: X-OPS-AUTHORIZATION-5: K8Il8lz4Tev6yjDif5grtxdLYyR5WHSttA2M/QBBwROyva1HfqcGZLyea2p0
[2017-06-02T12:36:42-04:00] DEBUG: X-OPS-AUTHORIZATION-6: BGoftBxC0y6+RQU+YXt0sIabARuX6PcAcRrP4OgOOg==
[2017-06-02T12:36:42-04:00] DEBUG: HOST: 10.169.27.235:443
[2017-06-02T12:36:42-04:00] DEBUG: X-REMOTE-REQUEST-ID: cdd86c1c-864c-4c3b-9c26-18f6a0131829
[2017-06-02T12:36:42-04:00] DEBUG: Content-Length: 107
[2017-06-02T12:36:42-04:00] DEBUG: ---- End HTTP Request Header Data ----
[2017-06-02T12:36:42-04:00] DEBUG: ---- HTTP Status and Header Data: ----
[2017-06-02T12:36:42-04:00] DEBUG: HTTP 1.1 404 Not Found
[2017-06-02T12:36:42-04:00] DEBUG: server: openresty/1.11.2.1
[2017-06-02T12:36:42-04:00] DEBUG: date: Fri, 02 Jun 2017 16:36:42 GMT
[2017-06-02T12:36:42-04:00] DEBUG: content-type: text/html
[2017-06-02T12:36:42-04:00] DEBUG: transfer-encoding: chunked
[2017-06-02T12:36:42-04:00] DEBUG: connection: close
[2017-06-02T12:36:42-04:00] DEBUG: etag: W/"58d8d91e-43c"
[2017-06-02T12:36:42-04:00] DEBUG: content-encoding: gzip
[2017-06-02T12:36:42-04:00] DEBUG: ---- End HTTP Status/Header Data ----
[2017-06-02T12:36:42-04:00] DEBUG: ---- HTTP Response Body ----
[2017-06-02T12:36:42-04:00] DEBUG:       TM0ﯘP.$naE)u"Jza"V{p6Ϳf %g{vX58JJ
{:_.ܜ!Y
Oe ~)"kQhRHUDP6+HrnY }oכ`mܩq&GQl7!%*sA ׳kl>N H%W*"k%\.@Og8G "svc<	GBn`w'ŐMNe^]v&[uRyDq86)Gt]"3oWSc=Nnh# <fP_%r%+R_\g#E32ߔ|7^c7^u7XkװW)T9G9HCflh~iUqm~{2cOt?tH!A4X(WrOS+x3ϦKTawо{a$Nstp''F/0]E3Oغ<  
[2017-06-02T12:36:42-04:00] DEBUG: ---- End HTTP Response Body -----
[2017-06-02T12:36:42-04:00] DEBUG: ---- HTTP Request Body ----
[2017-06-02T12:36:42-04:00] DEBUG: {"action":"start","run_id":"cdd86c1c-864c-4c3b-9c26-18f6a0131829","start_time":"2017-06-02 12:36:42 -0400"}
[2017-06-02T12:36:42-04:00] DEBUG: ---- End HTTP Request Body ----
[2017-06-02T12:36:42-04:00] DEBUG: Chef::HTTP calling Chef::HTTP::ValidateContentLength#handle_response
[2017-06-02T12:36:42-04:00] DEBUG: HTTP server did not include a Content-Length header in response, cannot identify truncated downloads.
[2017-06-02T12:36:42-04:00] DEBUG: Chef::HTTP calling Chef::HTTP::APIVersions#handle_response
[2017-06-02T12:36:42-04:00] DEBUG: Chef::HTTP calling Chef::HTTP::RemoteRequestID#handle_response
[2017-06-02T12:36:42-04:00] DEBUG: Chef::HTTP calling Chef::HTTP::Authenticator#handle_response
[2017-06-02T12:36:42-04:00] DEBUG: Chef::HTTP calling Chef::HTTP::Decompressor#handle_response
[2017-06-02T12:36:42-04:00] DEBUG: Decompressing gzip response
[2017-06-02T12:36:42-04:00] DEBUG: Chef::HTTP calling Chef::HTTP::CookieManager#handle_response
[2017-06-02T12:36:42-04:00] DEBUG: Chef::HTTP calling Chef::HTTP::JSONOutput#handle_response
[2017-06-02T12:36:42-04:00] DEBUG: Expected JSON response, but got content-type 'text/html'
[2017-06-02T12:36:42-04:00] DEBUG: Chef::HTTP calling Chef::HTTP::JSONInput#handle_response
[2017-06-02T12:36:42-04:00] INFO: HTTP Request Returned 404 Not Found: 
[2017-06-02T12:36:42-04:00] DEBUG: Reporting error starting run. URL: reports/nodes/ip-0A9C2F3F.company.local/runs Received 404. Disabling reporting for run.
[2017-06-02T12:36:42-04:00] DEBUG: Chef::HTTP calling Chef::HTTP::JSONInput#handle_request
[2017-06-02T12:36:42-04:00] DEBUG: Chef::HTTP calling Chef::HTTP::JSONOutput#handle_request
[2017-06-02T12:36:42-04:00] DEBUG: Chef::HTTP calling Chef::HTTP::CookieManager#handle_request
[2017-06-02T12:36:42-04:00] DEBUG: Chef::HTTP calling Chef::HTTP::Decompressor#handle_request
[2017-06-02T12:36:42-04:00] DEBUG: Chef::HTTP calling Chef::HTTP::Authenticator#handle_request
[2017-06-02T12:36:42-04:00] DEBUG: Signing the request as ip-0A9C2F3F.company.local
[2017-06-02T12:36:42-04:00] DEBUG: String to sign: 'Method:POST
Hashed Path:fYfTAbkNzEtXolkebE4w73pVpBA=
X-Ops-Content-Hash:pfMWCtSKpaXsk3xFlgtUpO4lJf4=
X-Ops-Timestamp:2017-06-02T16:36:42Z
X-Ops-UserId:SJCZwhjuc6MbC9iMIdpPDAVNuDA='
[2017-06-02T12:36:42-04:00] DEBUG: Header hash: {"X-Ops-Sign"=>"algorithm=sha1;version=1.1;", "X-Ops-Userid"=>"ip-0A9C2F3F.company.local", "X-Ops-Timestamp"=>"2017-06-02T16:36:42Z", "X-Ops-Content-Hash"=>"pfMWCtSKpaXsk3xFlgtUpO4lJf4=", "X-Ops-Authorization-1"=>"G5nyL1RrCHAJZZlJ4xHq/zaqiAk3TKHtZV+M02KemCQog1DJ1gjylN63J46c", "X-Ops-Authorization-2"=>"1KTKgkX+ld578gHaypiBZqlInH4Nbn3vQwqKA7k7arenkaVUBvr5TgFUzIHb", "X-Ops-Authorization-3"=>"jJcRDi8oI25FmRsPyBzRA5nsrT12FNom+q2Qr4ua4ajeCrBFGGI3/4oprt9Z", "X-Ops-Authorization-4"=>"Q9kBKjiaTcmX/sx/8xtdMptA4SimlVdbNnxjdmgZE3m5SBItc0IEIotIzk3N", "X-Ops-Authorization-5"=>"gcZO5bC6ntJjbUvbyZo507cHC0AKl3vB8TN4/udR9dXzvg4lixbAmkGSl8pC", "X-Ops-Authorization-6"=>"7nIEuWLNBAp59/TQdCOgJz399snr0rRKHsbxmdkSHA=="}
[2017-06-02T12:36:42-04:00] DEBUG: Chef::HTTP calling Chef::HTTP::RemoteRequestID#handle_request
[2017-06-02T12:36:42-04:00] DEBUG: Chef::HTTP calling Chef::HTTP::APIVersions#handle_request
[2017-06-02T12:36:42-04:00] DEBUG: Chef::HTTP calling Chef::HTTP::ValidateContentLength#handle_request
[2017-06-02T12:36:42-04:00] DEBUG: Initiating POST to https://server/organizations/company/data-collector
[2017-06-02T12:36:42-04:00] DEBUG: ---- HTTP Request Header Data: ----
[2017-06-02T12:36:42-04:00] DEBUG: Content-Type: application/json
[2017-06-02T12:36:42-04:00] DEBUG: Accept: application/json
[2017-06-02T12:36:42-04:00] DEBUG: Accept-Encoding: gzip;q=1.0,deflate;q=0.6,identity;q=0.3
[2017-06-02T12:36:42-04:00] DEBUG: X-Ops-Server-API-Version: 1
[2017-06-02T12:36:42-04:00] DEBUG: X-OPS-SIGN: algorithm=sha1;version=1.1;
[2017-06-02T12:36:42-04:00] DEBUG: X-OPS-USERID: ip-0A9C2F3F.company.local
[2017-06-02T12:36:42-04:00] DEBUG: X-OPS-TIMESTAMP: 2017-06-02T16:36:42Z
[2017-06-02T12:36:42-04:00] DEBUG: X-OPS-CONTENT-HASH: pfMWCtSKpaXsk3xFlgtUpO4lJf4=
[2017-06-02T12:36:42-04:00] DEBUG: X-OPS-AUTHORIZATION-1: G5nyL1RrCHAJZZlJ4xHq/zaqiAk3TKHtZV+M02KemCQog1DJ1gjylN63J46c
[2017-06-02T12:36:42-04:00] DEBUG: X-OPS-AUTHORIZATION-2: 1KTKgkX+ld578gHaypiBZqlInH4Nbn3vQwqKA7k7arenkaVUBvr5TgFUzIHb
[2017-06-02T12:36:42-04:00] DEBUG: X-OPS-AUTHORIZATION-3: jJcRDi8oI25FmRsPyBzRA5nsrT12FNom+q2Qr4ua4ajeCrBFGGI3/4oprt9Z
[2017-06-02T12:36:42-04:00] DEBUG: X-OPS-AUTHORIZATION-4: Q9kBKjiaTcmX/sx/8xtdMptA4SimlVdbNnxjdmgZE3m5SBItc0IEIotIzk3N
[2017-06-02T12:36:42-04:00] DEBUG: X-OPS-AUTHORIZATION-5: gcZO5bC6ntJjbUvbyZo507cHC0AKl3vB8TN4/udR9dXzvg4lixbAmkGSl8pC
[2017-06-02T12:36:42-04:00] DEBUG: X-OPS-AUTHORIZATION-6: 7nIEuWLNBAp59/TQdCOgJz399snr0rRKHsbxmdkSHA==
[2017-06-02T12:36:42-04:00] DEBUG: HOST: 10.169.27.235:443
[2017-06-02T12:36:42-04:00] DEBUG: X-REMOTE-REQUEST-ID: cdd86c1c-864c-4c3b-9c26-18f6a0131829
[2017-06-02T12:36:42-04:00] DEBUG: Content-Length: 371
[2017-06-02T12:36:42-04:00] DEBUG: ---- End HTTP Request Header Data ----
[2017-06-02T12:36:42-04:00] DEBUG: ---- HTTP Status and Header Data: ----
[2017-06-02T12:36:42-04:00] DEBUG: HTTP 1.1 404 Not Found
[2017-06-02T12:36:42-04:00] DEBUG: server: openresty/1.11.2.1
[2017-06-02T12:36:42-04:00] DEBUG: date: Fri, 02 Jun 2017 16:36:42 GMT
[2017-06-02T12:36:42-04:00] DEBUG: content-type: text/html
[2017-06-02T12:36:42-04:00] DEBUG: transfer-encoding: chunked
[2017-06-02T12:36:42-04:00] DEBUG: connection: close
[2017-06-02T12:36:42-04:00] DEBUG: etag: W/"58d8d91e-43c"
[2017-06-02T12:36:42-04:00] DEBUG: content-encoding: gzip
[2017-06-02T12:36:42-04:00] DEBUG: ---- End HTTP Status/Header Data ----
[2017-06-02T12:36:42-04:00] DEBUG: ---- HTTP Response Body ----
[2017-06-02T12:36:42-04:00] DEBUG:       TM0ﯘP.$naE)u"Jza"V{p6Ϳf %g{vX58JJ
{:_.ܜ!Y
Oe ~)"kQhRHUDP6+HrnY }oכ`mܩq&GQl7!%*sA ׳kl>N H%W*"k%\.@Og8G "svc<	GBn`w'ŐMNe^]v&[uRyDq86)Gt]"3oWSc=Nnh# <fP_%r%+R_\g#E32ߔ|7^c7^u7XkװW)T9G9HCflh~iUqm~{2cOt?tH!A4X(WrOS+x3ϦKTawо{a$Nstp''F/0]E3Oغ<  
[2017-06-02T12:36:42-04:00] DEBUG: ---- End HTTP Response Body -----
[2017-06-02T12:36:42-04:00] DEBUG: ---- HTTP Request Body ----
[2017-06-02T12:36:42-04:00] DEBUG: {"chef_server_fqdn":"10.169.27.235","entity_uuid":"bad9554c-d7f0-4bce-8ab7-e737a3afb0a3","id":"cdd86c1c-864c-4c3b-9c26-18f6a0131829","message_version":"1.0.0","message_type":"run_start","node_name":"ip-0A9C2F3F.company.local","organization_name":"cvgx","run_id":"cdd86c1c-864c-4c3b-9c26-18f6a0131829","source":"chef_client","start_time":"2017-06-02T16:36:42Z"}
[2017-06-02T12:36:42-04:00] DEBUG: ---- End HTTP Request Body ----
[2017-06-02T12:36:42-04:00] DEBUG: Chef::HTTP calling Chef::HTTP::ValidateContentLength#handle_response
[2017-06-02T12:36:42-04:00] DEBUG: HTTP server did not include a Content-Length header in response, cannot identify truncated downloads.
[2017-06-02T12:36:42-04:00] DEBUG: Chef::HTTP calling Chef::HTTP::APIVersions#handle_response
[2017-06-02T12:36:42-04:00] DEBUG: Chef::HTTP calling Chef::HTTP::RemoteRequestID#handle_response
[2017-06-02T12:36:42-04:00] DEBUG: Chef::HTTP calling Chef::HTTP::Authenticator#handle_response
[2017-06-02T12:36:42-04:00] DEBUG: Chef::HTTP calling Chef::HTTP::Decompressor#handle_response
[2017-06-02T12:36:42-04:00] DEBUG: Decompressing gzip response
[2017-06-02T12:36:42-04:00] DEBUG: Chef::HTTP calling Chef::HTTP::CookieManager#handle_response
[2017-06-02T12:36:42-04:00] DEBUG: Chef::HTTP calling Chef::HTTP::JSONOutput#handle_response
[2017-06-02T12:36:42-04:00] DEBUG: Expected JSON response, but got content-type 'text/html'
[2017-06-02T12:36:42-04:00] DEBUG: Chef::HTTP calling Chef::HTTP::JSONInput#handle_response
[2017-06-02T12:36:42-04:00] INFO: HTTP Request Returned 404 Not Found: 
[2017-06-02T12:36:42-04:00] INFO: Error while reporting run start to Data Collector. URL: https://server/organizations/company/data-collector Exception: 404 -- 404 "Not Found"  (This is normal if you do not have Chef Automate)
[2017-06-02T12:36:42-04:00] DEBUG: Checking for administrator privileges....
[2017-06-02T12:36:42-04:00] DEBUG: chef-client has administrator privileges on node ip-0A9C2F3F.company.local.
[2017-06-02T12:36:42-04:00] DEBUG: Synchronizing cookbooks
[2017-06-02T12:36:42-04:00] DEBUG: Chef::HTTP calling Chef::HTTP::JSONInput#handle_request
[2017-06-02T12:36:42-04:00] DEBUG: Chef::HTTP calling Chef::HTTP::JSONOutput#handle_request
[2017-06-02T12:36:42-04:00] DEBUG: Chef::HTTP calling Chef::HTTP::CookieManager#handle_request
[2017-06-02T12:36:42-04:00] DEBUG: Chef::HTTP calling Chef::HTTP::Decompressor#handle_request
[2017-06-02T12:36:42-04:00] DEBUG: Chef::HTTP calling Chef::HTTP::Authenticator#handle_request
[2017-06-02T12:36:42-04:00] DEBUG: Signing the request as ip-0A9C2F3F.company.local
[2017-06-02T12:36:42-04:00] DEBUG: String to sign: 'Method:POST
Hashed Path:LuLPiTjoS0//JexdtQV0/GNX70k=
X-Ops-Content-Hash:olFE9lTBwqGPxnJxnrvZ7iNoo4c=
X-Ops-Timestamp:2017-06-02T16:36:42Z
X-Ops-UserId:SJCZwhjuc6MbC9iMIdpPDAVNuDA='
[2017-06-02T12:36:42-04:00] DEBUG: Header hash: {"X-Ops-Sign"=>"algorithm=sha1;version=1.1;", "X-Ops-Userid"=>"ip-0A9C2F3F.company.local", "X-Ops-Timestamp"=>"2017-06-02T16:36:42Z", "X-Ops-Content-Hash"=>"olFE9lTBwqGPxnJxnrvZ7iNoo4c=", "X-Ops-Authorization-1"=>"aJhhfknIOiE27R5InQsrhVVSK8u8dAc7egBdDYVQGcBU4rZQGcfZS5/cW5Zi", "X-Ops-Authorization-2"=>"VLQi3bZEVRzQkeaGSpH2bJyfjmCSJlonkXnftjn3yt6LgOgFzhKoD6r8HLvj", "X-Ops-Authorization-3"=>"CmDNHS3VaEDxKAwdWUGeMExVZyZ0wI1Y+B3EnvdE9XQkDBMf/WDu4ARNw04P", "X-Ops-Authorization-4"=>"wfFJ3gFGO+z/PjRFlcx2cxf/y9fiIF6D/YAGwzTm8K3Wzs/5IGqzW9DDkkZK", "X-Ops-Authorization-5"=>"5jhOv69FFRLDXY8E6x4AteYXX0IWN6R883BfUIgHdLWXPCRciY3CZ+xoKJfu", "X-Ops-Authorization-6"=>"WqhFDbLXvWit3+0wVFWqQCOYGz01Q8RRdQH8cLCf8g=="}
[2017-06-02T12:36:42-04:00] DEBUG: Chef::HTTP calling Chef::HTTP::RemoteRequestID#handle_request
[2017-06-02T12:36:42-04:00] DEBUG: Chef::HTTP calling Chef::HTTP::APIVersions#handle_request
[2017-06-02T12:36:42-04:00] DEBUG: Chef::HTTP calling Chef::HTTP::ValidateContentLength#handle_request
[2017-06-02T12:36:42-04:00] DEBUG: Initiating POST to https://server/organizations/company/environments/_default/cookbook_versions
[2017-06-02T12:36:42-04:00] DEBUG: ---- HTTP Request Header Data: ----
[2017-06-02T12:36:42-04:00] DEBUG: Content-Type: application/json
[2017-06-02T12:36:42-04:00] DEBUG: Accept: application/json
[2017-06-02T12:36:42-04:00] DEBUG: Accept-Encoding: gzip;q=1.0,deflate;q=0.6,identity;q=0.3
[2017-06-02T12:36:42-04:00] DEBUG: X-Ops-Server-API-Version: 1
[2017-06-02T12:36:42-04:00] DEBUG: X-OPS-SIGN: algorithm=sha1;version=1.1;
[2017-06-02T12:36:42-04:00] DEBUG: X-OPS-USERID: ip-0A9C2F3F.company.local
[2017-06-02T12:36:42-04:00] DEBUG: X-OPS-TIMESTAMP: 2017-06-02T16:36:42Z
[2017-06-02T12:36:42-04:00] DEBUG: X-OPS-CONTENT-HASH: olFE9lTBwqGPxnJxnrvZ7iNoo4c=
[2017-06-02T12:36:42-04:00] DEBUG: X-OPS-AUTHORIZATION-1: aJhhfknIOiE27R5InQsrhVVSK8u8dAc7egBdDYVQGcBU4rZQGcfZS5/cW5Zi
[2017-06-02T12:36:42-04:00] DEBUG: X-OPS-AUTHORIZATION-2: VLQi3bZEVRzQkeaGSpH2bJyfjmCSJlonkXnftjn3yt6LgOgFzhKoD6r8HLvj
[2017-06-02T12:36:42-04:00] DEBUG: X-OPS-AUTHORIZATION-3: CmDNHS3VaEDxKAwdWUGeMExVZyZ0wI1Y+B3EnvdE9XQkDBMf/WDu4ARNw04P
[2017-06-02T12:36:42-04:00] DEBUG: X-OPS-AUTHORIZATION-4: wfFJ3gFGO+z/PjRFlcx2cxf/y9fiIF6D/YAGwzTm8K3Wzs/5IGqzW9DDkkZK
[2017-06-02T12:36:42-04:00] DEBUG: X-OPS-AUTHORIZATION-5: 5jhOv69FFRLDXY8E6x4AteYXX0IWN6R883BfUIgHdLWXPCRciY3CZ+xoKJfu
[2017-06-02T12:36:42-04:00] DEBUG: X-OPS-AUTHORIZATION-6: WqhFDbLXvWit3+0wVFWqQCOYGz01Q8RRdQH8cLCf8g==
[2017-06-02T12:36:42-04:00] DEBUG: HOST: 10.169.27.235:443
[2017-06-02T12:36:42-04:00] DEBUG: X-REMOTE-REQUEST-ID: cdd86c1c-864c-4c3b-9c26-18f6a0131829
[2017-06-02T12:36:42-04:00] DEBUG: Content-Length: 69
[2017-06-02T12:36:42-04:00] DEBUG: ---- End HTTP Request Header Data ----
[2017-06-02T12:36:42-04:00] DEBUG: ---- HTTP Status and Header Data: ----
[2017-06-02T12:36:42-04:00] DEBUG: HTTP 1.1 200 OK
[2017-06-02T12:36:42-04:00] DEBUG: server: openresty/1.11.2.1
[2017-06-02T12:36:42-04:00] DEBUG: date: Fri, 02 Jun 2017 16:36:42 GMT
[2017-06-02T12:36:42-04:00] DEBUG: content-type: application/json
[2017-06-02T12:36:42-04:00] DEBUG: transfer-encoding: chunked
[2017-06-02T12:36:42-04:00] DEBUG: connection: close
[2017-06-02T12:36:42-04:00] DEBUG: x-ops-server-api-version: {"min_version":"0","max_version":"1","request_version":"1","response_version":"1"}
[2017-06-02T12:36:42-04:00] DEBUG: x-ops-api-info: flavor=cs;version=12.0.0;oc_erchef=12.12.0
[2017-06-02T12:36:42-04:00] DEBUG: content-encoding: gzip
[2017-06-02T12:36:42-04:00] DEBUG: ---- End HTTP Status/Header Data ----
[2017-06-02T12:36:42-04:00] DEBUG: Chef::HTTP calling Chef::HTTP::ValidateContentLength#handle_response
[2017-06-02T12:36:42-04:00] DEBUG: HTTP server did not include a Content-Length header in response, cannot identify truncated downloads.
[2017-06-02T12:36:42-04:00] DEBUG: Chef::HTTP calling Chef::HTTP::APIVersions#handle_response
[2017-06-02T12:36:42-04:00] DEBUG: Chef::HTTP calling Chef::HTTP::RemoteRequestID#handle_response
[2017-06-02T12:36:42-04:00] DEBUG: Chef::HTTP calling Chef::HTTP::Authenticator#handle_response
[2017-06-02T12:36:42-04:00] DEBUG: Chef::HTTP calling Chef::HTTP::Decompressor#handle_response
[2017-06-02T12:36:42-04:00] DEBUG: Decompressing gzip response
[2017-06-02T12:36:42-04:00] DEBUG: Chef::HTTP calling Chef::HTTP::CookieManager#handle_response
[2017-06-02T12:36:42-04:00] DEBUG: Chef::HTTP calling Chef::HTTP::JSONOutput#handle_response
[2017-06-02T12:36:42-04:00] DEBUG: Chef::HTTP calling Chef::HTTP::JSONInput#handle_response
[2017-06-02T12:36:42-04:00] INFO: Loading cookbooks [cookbook_cvgx_windows2012r2-sql_postinstall@0.2.6]
[2017-06-02T12:36:42-04:00] DEBUG: Cookbooks detail: [#<Chef::CookbookVersion:0x00000004de6648 @name="cookbook_cvgx_windows2012r2-sql_postinstall", @root_paths=[], @frozen=false, @attribute_filenames=["default.rb"], @definition_filenames=[], @template_filenames=["Invoke-SQLQuery.ps1", "New-SharedFolder.ps1", "Script_20_Folders.sql", "Script_21_ServerName.sql", "Script_22_DBMail.sql", "Script_23_sysadmin.sql"], @file_filenames=[], @recipe_filenames=["default.rb", "default_old.rb"], @recipe_filenames_by_name={"default"=>"default.rb", "default_old"=>"default_old.rb"}, @library_filenames=[], @resource_filenames=[], @provider_filenames=[], @metadata_filenames=[], @root_filenames=[".gitignore", ".kitchen.yml", "Berksfile", "CHANGELOG.md", "chefignore", "metadata.rb", "README.md"], @all_files=[], @status=:ready, @file_vendor=nil, @metadata=#<Chef::Cookbook::Metadata:0x00000004de57e8 @name="cookbook_cvgx_windows2012r2-sql_postinstall", @description="Cookbook used perform post-installation tasks on a SQL Server instance.", @long_description="", @license="Proprietary - All Rights Reserved", @maintainer="Sammy", @maintainer_email="sammy@company.com", @platforms={"windows"=>">= 0.0.0"}, @dependencies={}, @recommendations={}, @suggestions={}, @conflicting={}, @providing={"cookbook_cvgx_windows2012r2-sql_postinstall"=>">= 0.0.0", "cookbook_cvgx_windows2012r2-sql_postinstall::default_old"=>">= 0.0.0"}, @replacing={}, @attributes={}, @groupings={}, @recipes={"cookbook_cvgx_windows2012r2-sql_postinstall"=>"", "cookbook_cvgx_windows2012r2-sql_postinstall::default_old"=>""}, @version="0.2.6", @source_url="http://tfsmain:8080/company/companyCloudServices_GITRepo/MVC/_git/cookbook_cvgx_windows2012r2-sql_postinstall", @issues_url="http://tfsmain:8080/company/companyCloudServices_GITRepo/_workitems#_a=edit&id=46602", @privacy=false, @chef_versions=[], @ohai_versions=[], @gems=[], @errors=[]>, @chef_server_rest=nil, @cookbook_manifest=#<Chef::CookbookManifest:0x00000004de42f8 @cookbook_version=#<Chef::CookbookVersion:0x00000004de6648 ...>, @policy_mode=false, @manifest={"recipes"=>[{"name"=>"default.rb", "path"=>"recipes/default.rb", "checksum"=>"7604b2feef2892da6a82f61e2a58d173", "specificity"=>"default", "url"=>"https://10.169.27.235:443/bookshelf/organization-0de82c7f34129ec110b6dfe8ce106415/checksum-7604b2feef2892da6a82f61e2a58d173?AWSAccessKeyId=0808dcd68602fd598fe1c891cea1ae19bfcb8e63&Expires=1496450202&Signature=4HJ3YKMbMoFW1eLzK7YR3gEmr0g%3D"}, {"name"=>"default_old.rb", "path"=>"recipes/default_old.rb", "checksum"=>"cbdd64ef3856cecc68cfd2503365c8a4", "specificity"=>"default", "url"=>"https://10.169.27.235:443/bookshelf/organization-0de82c7f34129ec110b6dfe8ce106415/checksum-cbdd64ef3856cecc68cfd2503365c8a4?AWSAccessKeyId=0808dcd68602fd598fe1c891cea1ae19bfcb8e63&Expires=1496450202&Signature=bDRuqNbm0V4V8oFRdA2ZDvFFt1w%3D"}], "definitions"=>[], "libraries"=>[], "attributes"=>[{"name"=>"default.rb", "path"=>"attributes/default.rb", "checksum"=>"020ba6a1923c82732900cd99d03f2bc3", "specificity"=>"default", "url"=>"https://10.169.27.235:443/bookshelf/organization-0de82c7f34129ec110b6dfe8ce106415/checksum-020ba6a1923c82732900cd99d03f2bc3?AWSAccessKeyId=0808dcd68602fd598fe1c891cea1ae19bfcb8e63&Expires=1496450202&Signature=p1IVFlwyDF7I0jykvUjNtc1w8tk%3D"}], "files"=>[], "templates"=>[{"name"=>"Invoke-SQLQuery.ps1", "path"=>"templates/PowerShell/Invoke-SQLQuery.ps1", "checksum"=>"516d9007991e2939fe26a98ef939fa27", "specificity"=>"PowerShell", "url"=>"https://10.169.27.235:443/bookshelf/organization-0de82c7f34129ec110b6dfe8ce106415/checksum-516d9007991e2939fe26a98ef939fa27?AWSAccessKeyId=0808dcd68602fd598fe1c891cea1ae19bfcb8e63&Expires=1496450202&Signature=DuRfDJX4V67iDtKPlqh/NaOnw/o%3D"}, {"name"=>"New-SharedFolder.ps1", "path"=>"templates/PowerShell/New-SharedFolder.ps1", "checksum"=>"44f68d7a189a310b772ce324bd1090f0", "specificity"=>"PowerShell", "url"=>"https://10.169.27.235:443/bookshelf/organization-0de82c7f34129ec110b6dfe8ce106415/checksum-44f68d7a189a310b772ce324bd1090f0?AWSAccessKeyId=0808dcd68602fd598fe1c891cea1ae19bfcb8e63&Expires=1496450202&Signature=Fv7VG2j1K35%2BAOsoGrp%2BczB0ta4%3D"}, {"name"=>"Script_20_Folders.sql", "path"=>"templates/SQL/Insert_01/Script_20_Folders.sql", "checksum"=>"e01fc47a1aafcc2d5759f2e35789d368", "specificity"=>"SQL", "url"=>"https://10.169.27.235:443/bookshelf/organization-0de82c7f34129ec110b6dfe8ce106415/checksum-e01fc47a1aafcc2d5759f2e35789d368?AWSAccessKeyId=0808dcd68602fd598fe1c891cea1ae19bfcb8e63&Expires=1496450202&Signature=52U1lEv0cGnzdYnmC%2B6dfoLGZUo%3D"}, {"name"=>"Script_21_ServerName.sql", "path"=>"templates/SQL/Insert_01/Script_21_ServerName.sql", "checksum"=>"50c6212cff69b0d358f1dc681e73cac4", "specificity"=>"SQL", "url"=>"https://10.169.27.235:443/bookshelf/organization-0de82c7f34129ec110b6dfe8ce106415/checksum-50c6212cff69b0d358f1dc681e73cac4?AWSAccessKeyId=0808dcd68602fd598fe1c891cea1ae19bfcb8e63&Expires=1496450202&Signature=NmgUqy1Ijj/vrz/qPATAZGsLGyM%3D"}, {"name"=>"Script_22_DBMail.sql", "path"=>"templates/SQL/Insert_02/Script_22_DBMail.sql", "checksum"=>"bec4a0ecd3477887234fcd48adeb993f", "specificity"=>"SQL", "url"=>"https://10.169.27.235:443/bookshelf/organization-0de82c7f34129ec110b6dfe8ce106415/checksum-bec4a0ecd3477887234fcd48adeb993f?AWSAccessKeyId=0808dcd68602fd598fe1c891cea1ae19bfcb8e63&Expires=1496450202&Signature=qicvdQ7j84utF1azCi2OGJNu4Fo%3D"}, {"name"=>"Script_23_sysadmin.sql", "path"=>"templates/SQL/Insert_02/Script_23_sysadmin.sql", "checksum"=>"b6c67a47dd410a657b8e82a3bd7bf975", "specificity"=>"SQL", "url"=>"https://10.169.27.235:443/bookshelf/organization-0de82c7f34129ec110b6dfe8ce106415/checksum-b6c67a47dd410a657b8e82a3bd7bf975?AWSAccessKeyId=0808dcd68602fd598fe1c891cea1ae19bfcb8e63&Expires=1496450202&Signature=e3G7xVRpADhELfJbv4AfxAM/zhk%3D"}], "resources"=>[], "providers"=>[], "root_files"=>[{"name"=>".gitignore", "path"=>".gitignore", "checksum"=>"9aca4de79745b6ebc71273436cfe924a", "specificity"=>"default", "url"=>"https://10.169.27.235:443/bookshelf/organization-0de82c7f34129ec110b6dfe8ce106415/checksum-9aca4de79745b6ebc71273436cfe924a?AWSAccessKeyId=0808dcd68602fd598fe1c891cea1ae19bfcb8e63&Expires=1496450202&Signature=vEduQoT6qODdW7ku8SgCUJOlJZU%3D"}, {"name"=>".kitchen.yml", "path"=>".kitchen.yml", "checksum"=>"4f6a5d539a5ca8b4d9d7be4b80e8706b", "specificity"=>"default", "url"=>"https://10.169.27.235:443/bookshelf/organization-0de82c7f34129ec110b6dfe8ce106415/checksum-4f6a5d539a5ca8b4d9d7be4b80e8706b?AWSAccessKeyId=0808dcd68602fd598fe1c891cea1ae19bfcb8e63&Expires=1496450202&Signature=93M46/Cn5G1EjEb7JwijVkQEUaE%3D"}, {"name"=>"Berksfile", "path"=>"Berksfile", "checksum"=>"6528f8499102744b7616913a6cb225de", "specificity"=>"default", "url"=>"https://10.169.27.235:443/bookshelf/organization-0de82c7f34129ec110b6dfe8ce106415/checksum-6528f8499102744b7616913a6cb225de?AWSAccessKeyId=0808dcd68602fd598fe1c891cea1ae19bfcb8e63&Expires=1496450202&Signature=SWHtYLpB5EsGYklffhj7cdER5/4%3D"}, {"name"=>"CHANGELOG.md", "path"=>"CHANGELOG.md", "checksum"=>"c530ce35ef10499458ea1c29c9114dde", "specificity"=>"default", "url"=>"https://10.169.27.235:443/bookshelf/organization-0de82c7f34129ec110b6dfe8ce106415/checksum-c530ce35ef10499458ea1c29c9114dde?AWSAccessKeyId=0808dcd68602fd598fe1c891cea1ae19bfcb8e63&Expires=1496450202&Signature=KPvep8BSEpOhX0F2GMoc2QE3qA0%3D"}, {"name"=>"chefignore", "path"=>"chefignore", "checksum"=>"d14d45c195dccbfe56b358b71d2a6a6b", "specificity"=>"default", "url"=>"https://10.169.27.235:443/bookshelf/organization-0de82c7f34129ec110b6dfe8ce106415/checksum-d14d45c195dccbfe56b358b71d2a6a6b?AWSAccessKeyId=0808dcd68602fd598fe1c891cea1ae19bfcb8e63&Expires=1496450202&Signature=2Fmt9306oDEKBvGyAHMfeeNJsW4%3D"}, {"name"=>"metadata.rb", "path"=>"metadata.rb", "checksum"=>"8dc6c2a8692c695380068a4353cc6211", "specificity"=>"default", "url"=>"https://10.169.27.235:443/bookshelf/organization-0de82c7f34129ec110b6dfe8ce106415/checksum-8dc6c2a8692c695380068a4353cc6211?AWSAccessKeyId=0808dcd68602fd598fe1c891cea1ae19bfcb8e63&Expires=1496450202&Signature=29fw8t8Y1PpXKbFoZKAbyEmAI38%3D"}, {"name"=>"README.md", "path"=>"README.md", "checksum"=>"bfcb1d42ea5a1c52de3ef6eb4140af70", "specificity"=>"default", "url"=>"https://10.169.27.235:443/bookshelf/organization-0de82c7f34129ec110b6dfe8ce106415/checksum-bfcb1d42ea5a1c52de3ef6eb4140af70?AWSAccessKeyId=0808dcd68602fd598fe1c891cea1ae19bfcb8e63&Expires=1496450202&Signature=ENr6D0zrri0tARNPek6DHJ1YgBY%3D"}], "version"=>"0.2.6", "name"=>"cookbook_cvgx_windows2012r2-sql_postinstall-0.2.6", "cookbook_name"=>"cookbook_cvgx_windows2012r2-sql_postinstall", "frozen?"=>false, "chef_type"=>"cookbook_version", "json_class"=>"Chef::CookbookVersion", "metadata"=>{"name"=>"cookbook_cvgx_windows2012r2-sql_postinstall", "description"=>"Cookbook used perform post-installation tasks on a SQL Server instance.", "long_description"=>"", "maintainer"=>"Sammy", "maintainer_email"=>"sammy@company.com", "license"=>"Proprietary - All Rights Reserved", "platforms"=>{"windows"=>">= 0.0.0"}, "dependencies"=>{}, "recommendations"=>{}, "suggestions"=>{}, "conflicting"=>{}, "providing"=>{"cookbook_cvgx_windows2012r2-sql_postinstall"=>">= 0.0.0", "cookbook_cvgx_windows2012r2-sql_postinstall::default_old"=>">= 0.0.0"}, "replacing"=>{}, "attributes"=>{}, "groupings"=>{}, "recipes"=>{"cookbook_cvgx_windows2012r2-sql_postinstall"=>"", "cookbook_cvgx_windows2012r2-sql_postinstall::default_old"=>""}, "version"=>"0.2.6", "source_url"=>"http://tfsmain:8080/company/companyCloudServices_GITRepo/MVC/_git/cookbook_cvgx_windows2012r2-sql_postinstall", "issues_url"=>"http://tfsmain:8080/company/companyCloudServices_GITRepo/_workitems#_a=edit&id=46602", "privacy"=>false, "chef_versions"=>[], "ohai_versions"=>[], "gems"=>[]}}, @checksums={"7604b2feef2892da6a82f61e2a58d173"=>nil, "cbdd64ef3856cecc68cfd2503365c8a4"=>nil, "020ba6a1923c82732900cd99d03f2bc3"=>nil, "516d9007991e2939fe26a98ef939fa27"=>nil, "44f68d7a189a310b772ce324bd1090f0"=>nil, "e01fc47a1aafcc2d5759f2e35789d368"=>nil, "50c6212cff69b0d358f1dc681e73cac4"=>nil, "bec4a0ecd3477887234fcd48adeb993f"=>nil, "b6c67a47dd410a657b8e82a3bd7bf975"=>nil, "9aca4de79745b6ebc71273436cfe924a"=>nil, "4f6a5d539a5ca8b4d9d7be4b80e8706b"=>nil, "6528f8499102744b7616913a6cb225de"=>nil, "c530ce35ef10499458ea1c29c9114dde"=>nil, "d14d45c195dccbfe56b358b71d2a6a6b"=>nil, "8dc6c2a8692c695380068a4353cc6211"=>nil, "bfcb1d42ea5a1c52de3ef6eb4140af70"=>nil}, @manifest_records_by_path={"recipes/default.rb"=>{"name"=>"default.rb", "path"=>"recipes/default.rb", "checksum"=>"7604b2feef2892da6a82f61e2a58d173", "specificity"=>"default", "url"=>"https://10.169.27.235:443/bookshelf/organization-0de82c7f34129ec110b6dfe8ce106415/checksum-7604b2feef2892da6a82f61e2a58d173?AWSAccessKeyId=0808dcd68602fd598fe1c891cea1ae19bfcb8e63&Expires=1496450202&Signature=4HJ3YKMbMoFW1eLzK7YR3gEmr0g%3D"}, "recipes/default_old.rb"=>{"name"=>"default_old.rb", "path"=>"recipes/default_old.rb", "checksum"=>"cbdd64ef3856cecc68cfd2503365c8a4", "specificity"=>"default", "url"=>"https://10.169.27.235:443/bookshelf/organization-0de82c7f34129ec110b6dfe8ce106415/checksum-cbdd64ef3856cecc68cfd2503365c8a4?AWSAccessKeyId=0808dcd68602fd598fe1c891cea1ae19bfcb8e63&Expires=1496450202&Signature=bDRuqNbm0V4V8oFRdA2ZDvFFt1w%3D"}, "attributes/default.rb"=>{"name"=>"default.rb", "path"=>"attributes/default.rb", "checksum"=>"020ba6a1923c82732900cd99d03f2bc3", "specificity"=>"default", "url"=>"https://10.169.27.235:443/bookshelf/organization-0de82c7f34129ec110b6dfe8ce106415/checksum-020ba6a1923c82732900cd99d03f2bc3?AWSAccessKeyId=0808dcd68602fd598fe1c891cea1ae19bfcb8e63&Expires=1496450202&Signature=p1IVFlwyDF7I0jykvUjNtc1w8tk%3D"}, "templates/PowerShell/Invoke-SQLQuery.ps1"=>{"name"=>"Invoke-SQLQuery.ps1", "path"=>"templates/PowerShell/Invoke-SQLQuery.ps1", "checksum"=>"516d9007991e2939fe26a98ef939fa27", "specificity"=>"PowerShell", "url"=>"https://10.169.27.235:443/bookshelf/organization-0de82c7f34129ec110b6dfe8ce106415/checksum-516d9007991e2939fe26a98ef939fa27?AWSAccessKeyId=0808dcd68602fd598fe1c891cea1ae19bfcb8e63&Expires=1496450202&Signature=DuRfDJX4V67iDtKPlqh/NaOnw/o%3D"}, "templates/PowerShell/New-SharedFolder.ps1"=>{"name"=>"New-SharedFolder.ps1", "path"=>"templates/PowerShell/New-SharedFolder.ps1", "checksum"=>"44f68d7a189a310b772ce324bd1090f0", "specificity"=>"PowerShell", "url"=>"https://10.169.27.235:443/bookshelf/organization-0de82c7f34129ec110b6dfe8ce106415/checksum-44f68d7a189a310b772ce324bd1090f0?AWSAccessKeyId=0808dcd68602fd598fe1c891cea1ae19bfcb8e63&Expires=1496450202&Signature=Fv7VG2j1K35%2BAOsoGrp%2BczB0ta4%3D"}, "templates/SQL/Insert_01/Script_20_Folders.sql"=>{"name"=>"Script_20_Folders.sql", "path"=>"templates/SQL/Insert_01/Script_20_Folders.sql", "checksum"=>"e01fc47a1aafcc2d5759f2e35789d368", "specificity"=>"SQL", "url"=>"https://10.169.27.235:443/bookshelf/organization-0de82c7f34129ec110b6dfe8ce106415/checksum-e01fc47a1aafcc2d5759f2e35789d368?AWSAccessKeyId=0808dcd68602fd598fe1c891cea1ae19bfcb8e63&Expires=1496450202&Signature=52U1lEv0cGnzdYnmC%2B6dfoLGZUo%3D"}, "templates/SQL/Insert_01/Script_21_ServerName.sql"=>{"name"=>"Script_21_ServerName.sql", "path"=>"templates/SQL/Insert_01/Script_21_ServerName.sql", "checksum"=>"50c6212cff69b0d358f1dc681e73cac4", "specificity"=>"SQL", "url"=>"https://10.169.27.235:443/bookshelf/organization-0de82c7f34129ec110b6dfe8ce106415/checksum-50c6212cff69b0d358f1dc681e73cac4?AWSAccessKeyId=0808dcd68602fd598fe1c891cea1ae19bfcb8e63&Expires=1496450202&Signature=NmgUqy1Ijj/vrz/qPATAZGsLGyM%3D"}, "templates/SQL/Insert_02/Script_22_DBMail.sql"=>{"name"=>"Script_22_DBMail.sql", "path"=>"templates/SQL/Insert_02/Script_22_DBMail.sql", "checksum"=>"bec4a0ecd3477887234fcd48adeb993f", "specificity"=>"SQL", "url"=>"https://10.169.27.235:443/bookshelf/organization-0de82c7f34129ec110b6dfe8ce106415/checksum-bec4a0ecd3477887234fcd48adeb993f?AWSAccessKeyId=0808dcd68602fd598fe1c891cea1ae19bfcb8e63&Expires=1496450202&Signature=qicvdQ7j84utF1azCi2OGJNu4Fo%3D"}, "templates/SQL/Insert_02/Script_23_sysadmin.sql"=>{"name"=>"Script_23_sysadmin.sql", "path"=>"templates/SQL/Insert_02/Script_23_sysadmin.sql", "checksum"=>"b6c67a47dd410a657b8e82a3bd7bf975", "specificity"=>"SQL", "url"=>"https://10.169.27.235:443/bookshelf/organization-0de82c7f34129ec110b6dfe8ce106415/checksum-b6c67a47dd410a657b8e82a3bd7bf975?AWSAccessKeyId=0808dcd68602fd598fe1c891cea1ae19bfcb8e63&Expires=1496450202&Signature=e3G7xVRpADhELfJbv4AfxAM/zhk%3D"}, ".gitignore"=>{"name"=>".gitignore", "path"=>".gitignore", "checksum"=>"9aca4de79745b6ebc71273436cfe924a", "specificity"=>"default", "url"=>"https://10.169.27.235:443/bookshelf/organization-0de82c7f34129ec110b6dfe8ce106415/checksum-9aca4de79745b6ebc71273436cfe924a?AWSAccessKeyId=0808dcd68602fd598fe1c891cea1ae19bfcb8e63&Expires=1496450202&Signature=vEduQoT6qODdW7ku8SgCUJOlJZU%3D"}, ".kitchen.yml"=>{"name"=>".kitchen.yml", "path"=>".kitchen.yml", "checksum"=>"4f6a5d539a5ca8b4d9d7be4b80e8706b", "specificity"=>"default", "url"=>"https://10.169.27.235:443/bookshelf/organization-0de82c7f34129ec110b6dfe8ce106415/checksum-4f6a5d539a5ca8b4d9d7be4b80e8706b?AWSAccessKeyId=0808dcd68602fd598fe1c891cea1ae19bfcb8e63&Expires=1496450202&Signature=93M46/Cn5G1EjEb7JwijVkQEUaE%3D"}, "Berksfile"=>{"name"=>"Berksfile", "path"=>"Berksfile", "checksum"=>"6528f8499102744b7616913a6cb225de", "specificity"=>"default", "url"=>"https://10.169.27.235:443/bookshelf/organization-0de82c7f34129ec110b6dfe8ce106415/checksum-6528f8499102744b7616913a6cb225de?AWSAccessKeyId=0808dcd68602fd598fe1c891cea1ae19bfcb8e63&Expires=1496450202&Signature=SWHtYLpB5EsGYklffhj7cdER5/4%3D"}, "CHANGELOG.md"=>{"name"=>"CHANGELOG.md", "path"=>"CHANGELOG.md", "checksum"=>"c530ce35ef10499458ea1c29c9114dde", "specificity"=>"default", "url"=>"https://10.169.27.235:443/bookshelf/organization-0de82c7f34129ec110b6dfe8ce106415/checksum-c530ce35ef10499458ea1c29c9114dde?AWSAccessKeyId=0808dcd68602fd598fe1c891cea1ae19bfcb8e63&Expires=1496450202&Signature=KPvep8BSEpOhX0F2GMoc2QE3qA0%3D"}, "chefignore"=>{"name"=>"chefignore", "path"=>"chefignore", "checksum"=>"d14d45c195dccbfe56b358b71d2a6a6b", "specificity"=>"default", "url"=>"https://10.169.27.235:443/bookshelf/organization-0de82c7f34129ec110b6dfe8ce106415/checksum-d14d45c195dccbfe56b358b71d2a6a6b?AWSAccessKeyId=0808dcd68602fd598fe1c891cea1ae19bfcb8e63&Expires=1496450202&Signature=2Fmt9306oDEKBvGyAHMfeeNJsW4%3D"}, "metadata.rb"=>{"name"=>"metadata.rb", "path"=>"metadata.rb", "checksum"=>"8dc6c2a8692c695380068a4353cc6211", "specificity"=>"default", "url"=>"https://10.169.27.235:443/bookshelf/organization-0de82c7f34129ec110b6dfe8ce106415/checksum-8dc6c2a8692c695380068a4353cc6211?AWSAccessKeyId=0808dcd68602fd598fe1c891cea1ae19bfcb8e63&Expires=1496450202&Signature=29fw8t8Y1PpXKbFoZKAbyEmAI38%3D"}, "README.md"=>{"name"=>"README.md", "path"=>"README.md", "checksum"=>"bfcb1d42ea5a1c52de3ef6eb4140af70", "specificity"=>"default", "url"=>"https://10.169.27.235:443/bookshelf/organization-0de82c7f34129ec110b6dfe8ce106415/checksum-bfcb1d42ea5a1c52de3ef6eb4140af70?AWSAccessKeyId=0808dcd68602fd598fe1c891cea1ae19bfcb8e63&Expires=1496450202&Signature=ENr6D0zrri0tARNPek6DHJ1YgBY%3D"}}>, @attribute_filenames_by_short_filename={"default"=>"default.rb"}>]
[2017-06-02T12:36:42-04:00] DEBUG: Not storing cookbooks/cookbook_cvgx_windows2012r2-sql_postinstall/attributes/default.rb, as the cache is up to date.
[2017-06-02T12:36:42-04:00] DEBUG: Not storing cookbooks/cookbook_cvgx_windows2012r2-sql_postinstall/.kitchen.yml, as the cache is up to date.
[2017-06-02T12:36:42-04:00] DEBUG: Not storing cookbooks/cookbook_cvgx_windows2012r2-sql_postinstall/Berksfile, as the cache is up to date.
[2017-06-02T12:36:42-04:00] DEBUG: Not storing cookbooks/cookbook_cvgx_windows2012r2-sql_postinstall/templates/PowerShell/Invoke-SQLQuery.ps1, as the cache is up to date.
[2017-06-02T12:36:42-04:00] DEBUG: Not storing cookbooks/cookbook_cvgx_windows2012r2-sql_postinstall/templates/SQL/Insert_01/Script_20_Folders.sql, as the cache is up to date.
[2017-06-02T12:36:42-04:00] DEBUG: Not storing cookbooks/cookbook_cvgx_windows2012r2-sql_postinstall/templates/SQL/Insert_01/Script_21_ServerName.sql, as the cache is up to date.
[2017-06-02T12:36:42-04:00] DEBUG: Not storing cookbooks/cookbook_cvgx_windows2012r2-sql_postinstall/.gitignore, as the cache is up to date.
[2017-06-02T12:36:42-04:00] DEBUG: Not storing cookbooks/cookbook_cvgx_windows2012r2-sql_postinstall/CHANGELOG.md, as the cache is up to date.
[2017-06-02T12:36:42-04:00] DEBUG: Not storing cookbooks/cookbook_cvgx_windows2012r2-sql_postinstall/recipes/default_old.rb, as the cache is up to date.
[2017-06-02T12:36:42-04:00] DEBUG: Not storing cookbooks/cookbook_cvgx_windows2012r2-sql_postinstall/chefignore, as the cache is up to date.
[2017-06-02T12:36:42-04:00] DEBUG: Not storing cookbooks/cookbook_cvgx_windows2012r2-sql_postinstall/templates/PowerShell/New-SharedFolder.ps1, as the cache is up to date.
[2017-06-02T12:36:42-04:00] DEBUG: Chef::HTTP calling Chef::HTTP::JSONInput#handle_request
[2017-06-02T12:36:42-04:00] DEBUG: Chef::HTTP calling Chef::HTTP::JSONOutput#handle_request
[2017-06-02T12:36:42-04:00] DEBUG: Chef::HTTP calling Chef::HTTP::CookieManager#handle_request
[2017-06-02T12:36:42-04:00] DEBUG: Chef::HTTP calling Chef::HTTP::Decompressor#handle_request
[2017-06-02T12:36:42-04:00] DEBUG: Chef::HTTP calling Chef::HTTP::Authenticator#handle_request
[2017-06-02T12:36:42-04:00] DEBUG: Signing the request as ip-0A9C2F3F.company.local
[2017-06-02T12:36:42-04:00] DEBUG: String to sign: 'Method:GET
Hashed Path:23p444lGr37WtfQXsVOZ38mfbf0=
X-Ops-Content-Hash:2jmj7l5rSw0yVb/vlWAYkK/YBwk=
X-Ops-Timestamp:2017-06-02T16:36:42Z
X-Ops-UserId:SJCZwhjuc6MbC9iMIdpPDAVNuDA='
[2017-06-02T12:36:42-04:00] DEBUG: Header hash: {"X-Ops-Sign"=>"algorithm=sha1;version=1.1;", "X-Ops-Userid"=>"ip-0A9C2F3F.company.local", "X-Ops-Timestamp"=>"2017-06-02T16:36:42Z", "X-Ops-Content-Hash"=>"2jmj7l5rSw0yVb/vlWAYkK/YBwk=", "X-Ops-Authorization-1"=>"Xra+vs6sJRY+GQp/4UtoVf7RghQr5fSSdvWLPoDilzPjQq5RlEJrLwqc3v3/", "X-Ops-Authorization-2"=>"gi8gKSvcWchCIhtk+6g3R6Sv7NHus0VLpmgAzcndA4Nxym2vXIH26NNhMIRT", "X-Ops-Authorization-3"=>"6qqHzfFumlh/R9iZxOuKoRkvHcUzpgQDB0l+opYa8xnCCCNBr1aGzJuXUs72", "X-Ops-Authorization-4"=>"95tTFTJ8Rtrlxbvcj3SRn7j46aAHE9pJTs+bxlP7XC7ov9jEeeNQ+4RVXpMv", "X-Ops-Authorization-5"=>"iaTzEwxQkv8Rzn2lAZYH/IhRCGW7+TX1iOYrNaL42OwE4WfAMH0F0dIRPHXw", "X-Ops-Authorization-6"=>"sD3HHU0OxFmahNYCIiAjOI1qp6sF/UUUmks1zzA0OA=="}
[2017-06-02T12:36:42-04:00] DEBUG: Chef::HTTP calling Chef::HTTP::RemoteRequestID#handle_request
[2017-06-02T12:36:42-04:00] DEBUG: Chef::HTTP calling Chef::HTTP::APIVersions#handle_request
[2017-06-02T12:36:42-04:00] DEBUG: Chef::HTTP calling Chef::HTTP::ValidateContentLength#handle_request
[2017-06-02T12:36:42-04:00] DEBUG: Initiating GET to https://10.169.27.235/bookshelf/organization-0de82c7f34129ec110b6dfe8ce106415/checksum-8dc6c2a8692c695380068a4353cc6211?AWSAccessKeyId=0808dcd68602fd598fe1c891cea1ae19bfcb8e63&Expires=1496450202&Signature=29fw8t8Y1PpXKbFoZKAbyEmAI38%3D
[2017-06-02T12:36:42-04:00] DEBUG: ---- HTTP Request Header Data: ----
[2017-06-02T12:36:42-04:00] DEBUG: Accept: application/json
[2017-06-02T12:36:42-04:00] DEBUG: Accept-Encoding: gzip;q=1.0,deflate;q=0.6,identity;q=0.3
[2017-06-02T12:36:42-04:00] DEBUG: X-Ops-Server-API-Version: 1
[2017-06-02T12:36:42-04:00] DEBUG: X-OPS-SIGN: algorithm=sha1;version=1.1;
[2017-06-02T12:36:42-04:00] DEBUG: X-OPS-USERID: ip-0A9C2F3F.company.local
[2017-06-02T12:36:42-04:00] DEBUG: X-OPS-TIMESTAMP: 2017-06-02T16:36:42Z
[2017-06-02T12:36:42-04:00] DEBUG: X-OPS-CONTENT-HASH: 2jmj7l5rSw0yVb/vlWAYkK/YBwk=
[2017-06-02T12:36:42-04:00] DEBUG: X-OPS-AUTHORIZATION-1: Xra+vs6sJRY+GQp/4UtoVf7RghQr5fSSdvWLPoDilzPjQq5RlEJrLwqc3v3/
[2017-06-02T12:36:42-04:00] DEBUG: X-OPS-AUTHORIZATION-2: gi8gKSvcWchCIhtk+6g3R6Sv7NHus0VLpmgAzcndA4Nxym2vXIH26NNhMIRT
[2017-06-02T12:36:42-04:00] DEBUG: X-OPS-AUTHORIZATION-3: 6qqHzfFumlh/R9iZxOuKoRkvHcUzpgQDB0l+opYa8xnCCCNBr1aGzJuXUs72
[2017-06-02T12:36:42-04:00] DEBUG: X-OPS-AUTHORIZATION-4: 95tTFTJ8Rtrlxbvcj3SRn7j46aAHE9pJTs+bxlP7XC7ov9jEeeNQ+4RVXpMv
[2017-06-02T12:36:42-04:00] DEBUG: X-OPS-AUTHORIZATION-5: iaTzEwxQkv8Rzn2lAZYH/IhRCGW7+TX1iOYrNaL42OwE4WfAMH0F0dIRPHXw
[2017-06-02T12:36:42-04:00] DEBUG: X-OPS-AUTHORIZATION-6: sD3HHU0OxFmahNYCIiAjOI1qp6sF/UUUmks1zzA0OA==
[2017-06-02T12:36:42-04:00] DEBUG: HOST: 10.169.27.235:443
[2017-06-02T12:36:42-04:00] DEBUG: X-REMOTE-REQUEST-ID: cdd86c1c-864c-4c3b-9c26-18f6a0131829
[2017-06-02T12:36:42-04:00] DEBUG: ---- End HTTP Request Header Data ----
[2017-06-02T12:36:42-04:00] DEBUG: Not storing cookbooks/cookbook_cvgx_windows2012r2-sql_postinstall/templates/SQL/Insert_02/Script_22_DBMail.sql, as the cache is up to date.
[2017-06-02T12:36:42-04:00] DEBUG: Not storing cookbooks/cookbook_cvgx_windows2012r2-sql_postinstall/README.md, as the cache is up to date.
[2017-06-02T12:36:42-04:00] DEBUG: Not storing cookbooks/cookbook_cvgx_windows2012r2-sql_postinstall/templates/SQL/Insert_02/Script_23_sysadmin.sql, as the cache is up to date.
[2017-06-02T12:36:42-04:00] DEBUG: Chef::HTTP calling Chef::HTTP::JSONInput#handle_request
[2017-06-02T12:36:42-04:00] DEBUG: Chef::HTTP calling Chef::HTTP::JSONOutput#handle_request
[2017-06-02T12:36:42-04:00] DEBUG: Chef::HTTP calling Chef::HTTP::CookieManager#handle_request
[2017-06-02T12:36:42-04:00] DEBUG: Chef::HTTP calling Chef::HTTP::Decompressor#handle_request
[2017-06-02T12:36:42-04:00] DEBUG: Chef::HTTP calling Chef::HTTP::Authenticator#handle_request
[2017-06-02T12:36:42-04:00] DEBUG: Signing the request as ip-0A9C2F3F.company.local
[2017-06-02T12:36:42-04:00] DEBUG: String to sign: 'Method:GET
Hashed Path:HM/8C4Fkk+dNY4FXDS2afZHpU0U=
X-Ops-Content-Hash:2jmj7l5rSw0yVb/vlWAYkK/YBwk=
X-Ops-Timestamp:2017-06-02T16:36:42Z
X-Ops-UserId:SJCZwhjuc6MbC9iMIdpPDAVNuDA='
[2017-06-02T12:36:42-04:00] DEBUG: Header hash: {"X-Ops-Sign"=>"algorithm=sha1;version=1.1;", "X-Ops-Userid"=>"ip-0A9C2F3F.company.local", "X-Ops-Timestamp"=>"2017-06-02T16:36:42Z", "X-Ops-Content-Hash"=>"2jmj7l5rSw0yVb/vlWAYkK/YBwk=", "X-Ops-Authorization-1"=>"jXjWVujHU3RAF42u3eyKqk+7Cpx2GUW8D0ofUmNtH6K8+XATP6kBFc+6g0Em", "X-Ops-Authorization-2"=>"PsY4fd99sjBMJrgK3uzy72TKKC1WJUnSg454+mBkHaRQogPaJGPMlZiJO1y8", "X-Ops-Authorization-3"=>"doWE5v4R0W37+SFk5bhr0pJsFaNeh9zHJNvnqvwClqgxTc10E9intoD22LR2", "X-Ops-Authorization-4"=>"//CSx7ZAjlUd8TWEKOVTeg5SISBnlEsujJVCk+r2mc3rZjrRGDaj+6UAiupu", "X-Ops-Authorization-5"=>"OLSYaK+ic4HpKDlH+voNig5/gbdVFDeGaSbSN/F6x8f6mDczvbedU8jxQipS", "X-Ops-Authorization-6"=>"r5xCGveXxjX1SO+rml3Ow47SeY4ypZ9CGykSbmI/4g=="}
[2017-06-02T12:36:42-04:00] DEBUG: Chef::HTTP calling Chef::HTTP::RemoteRequestID#handle_request
[2017-06-02T12:36:42-04:00] DEBUG: Chef::HTTP calling Chef::HTTP::APIVersions#handle_request
[2017-06-02T12:36:42-04:00] DEBUG: Chef::HTTP calling Chef::HTTP::ValidateContentLength#handle_request
[2017-06-02T12:36:42-04:00] DEBUG: Initiating GET to https://10.169.27.235/bookshelf/organization-0de82c7f34129ec110b6dfe8ce106415/checksum-7604b2feef2892da6a82f61e2a58d173?AWSAccessKeyId=0808dcd68602fd598fe1c891cea1ae19bfcb8e63&Expires=1496450202&Signature=4HJ3YKMbMoFW1eLzK7YR3gEmr0g%3D
[2017-06-02T12:36:42-04:00] DEBUG: ---- HTTP Request Header Data: ----
[2017-06-02T12:36:42-04:00] DEBUG: Accept: application/json
[2017-06-02T12:36:42-04:00] DEBUG: Accept-Encoding: gzip;q=1.0,deflate;q=0.6,identity;q=0.3
[2017-06-02T12:36:42-04:00] DEBUG: X-Ops-Server-API-Version: 1
[2017-06-02T12:36:42-04:00] DEBUG: X-OPS-SIGN: algorithm=sha1;version=1.1;
[2017-06-02T12:36:42-04:00] DEBUG: X-OPS-USERID: ip-0A9C2F3F.company.local
[2017-06-02T12:36:42-04:00] DEBUG: X-OPS-TIMESTAMP: 2017-06-02T16:36:42Z
[2017-06-02T12:36:42-04:00] DEBUG: X-OPS-CONTENT-HASH: 2jmj7l5rSw0yVb/vlWAYkK/YBwk=
[2017-06-02T12:36:42-04:00] DEBUG: X-OPS-AUTHORIZATION-1: jXjWVujHU3RAF42u3eyKqk+7Cpx2GUW8D0ofUmNtH6K8+XATP6kBFc+6g0Em
[2017-06-02T12:36:42-04:00] DEBUG: X-OPS-AUTHORIZATION-2: PsY4fd99sjBMJrgK3uzy72TKKC1WJUnSg454+mBkHaRQogPaJGPMlZiJO1y8
[2017-06-02T12:36:42-04:00] DEBUG: X-OPS-AUTHORIZATION-3: doWE5v4R0W37+SFk5bhr0pJsFaNeh9zHJNvnqvwClqgxTc10E9intoD22LR2
[2017-06-02T12:36:42-04:00] DEBUG: X-OPS-AUTHORIZATION-4: //CSx7ZAjlUd8TWEKOVTeg5SISBnlEsujJVCk+r2mc3rZjrRGDaj+6UAiupu
[2017-06-02T12:36:42-04:00] DEBUG: X-OPS-AUTHORIZATION-5: OLSYaK+ic4HpKDlH+voNig5/gbdVFDeGaSbSN/F6x8f6mDczvbedU8jxQipS
[2017-06-02T12:36:42-04:00] DEBUG: X-OPS-AUTHORIZATION-6: r5xCGveXxjX1SO+rml3Ow47SeY4ypZ9CGykSbmI/4g==
[2017-06-02T12:36:42-04:00] DEBUG: HOST: 10.169.27.235:443
[2017-06-02T12:36:42-04:00] DEBUG: X-REMOTE-REQUEST-ID: cdd86c1c-864c-4c3b-9c26-18f6a0131829
[2017-06-02T12:36:42-04:00] DEBUG: ---- End HTTP Request Header Data ----
[2017-06-02T12:36:42-04:00] DEBUG: ---- HTTP Status and Header Data: ----
[2017-06-02T12:36:42-04:00] DEBUG: HTTP 1.1 200 OK
[2017-06-02T12:36:42-04:00] DEBUG: server: openresty/1.11.2.1
[2017-06-02T12:36:42-04:00] DEBUG: date: Fri, 02 Jun 2017 16:36:42 GMT
[2017-06-02T12:36:42-04:00] DEBUG: content-type: application/json
[2017-06-02T12:36:42-04:00] DEBUG: transfer-encoding: chunked
[2017-06-02T12:36:42-04:00] DEBUG: connection: keep-alive
[2017-06-02T12:36:42-04:00] DEBUG: x-amz-request-id: g2gCZAATYm9va3NoZWxmQDEyNy4wLjAuMWgDYgAABdhiAAZuGmIAChEh
[2017-06-02T12:36:42-04:00] DEBUG: last-modified: Fri, 02 Jun 2017 16:36:10 GMT
[2017-06-02T12:36:42-04:00] DEBUG: etag: W/"jcbCqGksaVOABopDU8xiEQ=="
[2017-06-02T12:36:42-04:00] DEBUG: cache-control: max-age=28800
[2017-06-02T12:36:42-04:00] DEBUG: content-encoding: gzip
[2017-06-02T12:36:42-04:00] DEBUG: ---- End HTTP Status/Header Data ----
[2017-06-02T12:36:42-04:00] DEBUG: Streaming download from https://10.169.27.235/bookshelf/organization-0de82c7f34129ec110b6dfe8ce106415/checksum-8dc6c2a8692c695380068a4353cc6211?AWSAccessKeyId=0808dcd68602fd598fe1c891cea1ae19bfcb8e63&Expires=1496450202&Signature=29fw8t8Y1PpXKbFoZKAbyEmAI38%3D to tempfile C:/Users/ADM-BA~1/AppData/Local/Temp/2/chef-rest20170602-4744-1v16edo
[2017-06-02T12:36:42-04:00] DEBUG: Initializing gzip stream deflator
[2017-06-02T12:36:42-04:00] DEBUG: Chef::HTTP::StreamHandler calling Chef::HTTP::ValidateContentLength::ContentLengthCounter#handle_chunk
[2017-06-02T12:36:42-04:00] DEBUG: Chef::HTTP::StreamHandler calling Chef::HTTP::Decompressor::GzipInflater#handle_chunk
[2017-06-02T12:36:42-04:00] DEBUG: Chef::HTTP calling Chef::HTTP::ValidateContentLength#handle_stream_complete
[2017-06-02T12:36:42-04:00] DEBUG: HTTP server did not include a Content-Length header in response, cannot identify truncated downloads.
[2017-06-02T12:36:42-04:00] DEBUG: Chef::HTTP calling Chef::HTTP::APIVersions#handle_stream_complete
[2017-06-02T12:36:42-04:00] DEBUG: Chef::HTTP calling Chef::HTTP::RemoteRequestID#handle_stream_complete
[2017-06-02T12:36:42-04:00] DEBUG: Chef::HTTP calling Chef::HTTP::Authenticator#handle_stream_complete
[2017-06-02T12:36:42-04:00] DEBUG: Chef::HTTP calling Chef::HTTP::Decompressor#handle_stream_complete
[2017-06-02T12:36:42-04:00] DEBUG: Chef::HTTP calling Chef::HTTP::CookieManager#handle_stream_complete
[2017-06-02T12:36:42-04:00] DEBUG: Chef::HTTP calling Chef::HTTP::JSONOutput#handle_stream_complete
[2017-06-02T12:36:42-04:00] DEBUG: Chef::HTTP calling Chef::HTTP::JSONInput#handle_stream_complete
[2017-06-02T12:36:42-04:00] INFO: Storing updated cookbooks/cookbook_cvgx_windows2012r2-sql_postinstall/metadata.rb in the cache.
[2017-06-02T12:36:42-04:00] DEBUG: ---- HTTP Status and Header Data: ----
[2017-06-02T12:36:42-04:00] DEBUG: HTTP 1.1 200 OK
[2017-06-02T12:36:42-04:00] DEBUG: server: openresty/1.11.2.1
[2017-06-02T12:36:42-04:00] DEBUG: date: Fri, 02 Jun 2017 16:36:42 GMT
[2017-06-02T12:36:42-04:00] DEBUG: content-type: application/json
[2017-06-02T12:36:42-04:00] DEBUG: transfer-encoding: chunked
[2017-06-02T12:36:42-04:00] DEBUG: connection: keep-alive
[2017-06-02T12:36:42-04:00] DEBUG: x-amz-request-id: g2gCZAATYm9va3NoZWxmQDEyNy4wLjAuMWgDYgAABdhiAAZuGmIACmGb
[2017-06-02T12:36:42-04:00] DEBUG: last-modified: Fri, 02 Jun 2017 16:36:10 GMT
[2017-06-02T12:36:42-04:00] DEBUG: etag: W/"dgSy/u8oktpqgvYeKljRcw=="
[2017-06-02T12:36:42-04:00] DEBUG: cache-control: max-age=28800
[2017-06-02T12:36:42-04:00] DEBUG: content-encoding: gzip
[2017-06-02T12:36:42-04:00] DEBUG: ---- End HTTP Status/Header Data ----
[2017-06-02T12:36:42-04:00] DEBUG: Streaming download from https://10.169.27.235/bookshelf/organization-0de82c7f34129ec110b6dfe8ce106415/checksum-7604b2feef2892da6a82f61e2a58d173?AWSAccessKeyId=0808dcd68602fd598fe1c891cea1ae19bfcb8e63&Expires=1496450202&Signature=4HJ3YKMbMoFW1eLzK7YR3gEmr0g%3D to tempfile C:/Users/ADM-BA~1/AppData/Local/Temp/2/chef-rest20170602-4744-wkh6s
[2017-06-02T12:36:42-04:00] DEBUG: Initializing gzip stream deflator
[2017-06-02T12:36:42-04:00] DEBUG: Chef::HTTP::StreamHandler calling Chef::HTTP::ValidateContentLength::ContentLengthCounter#handle_chunk
[2017-06-02T12:36:42-04:00] DEBUG: Chef::HTTP::StreamHandler calling Chef::HTTP::Decompressor::GzipInflater#handle_chunk
[2017-06-02T12:36:42-04:00] DEBUG: Chef::HTTP calling Chef::HTTP::ValidateContentLength#handle_stream_complete
[2017-06-02T12:36:42-04:00] DEBUG: HTTP server did not include a Content-Length header in response, cannot identify truncated downloads.
[2017-06-02T12:36:42-04:00] DEBUG: Chef::HTTP calling Chef::HTTP::APIVersions#handle_stream_complete
[2017-06-02T12:36:42-04:00] DEBUG: Chef::HTTP calling Chef::HTTP::RemoteRequestID#handle_stream_complete
[2017-06-02T12:36:42-04:00] DEBUG: Chef::HTTP calling Chef::HTTP::Authenticator#handle_stream_complete
[2017-06-02T12:36:42-04:00] DEBUG: Chef::HTTP calling Chef::HTTP::Decompressor#handle_stream_complete
[2017-06-02T12:36:42-04:00] DEBUG: Chef::HTTP calling Chef::HTTP::CookieManager#handle_stream_complete
[2017-06-02T12:36:42-04:00] DEBUG: Chef::HTTP calling Chef::HTTP::JSONOutput#handle_stream_complete
[2017-06-02T12:36:42-04:00] DEBUG: Chef::HTTP calling Chef::HTTP::JSONInput#handle_stream_complete
[2017-06-02T12:36:42-04:00] INFO: Storing updated cookbooks/cookbook_cvgx_windows2012r2-sql_postinstall/recipes/default.rb in the cache.
[2017-06-02T12:36:42-04:00] DEBUG: Cookbooks to compile: [:"cookbook_cvgx_windows2012r2-sql_postinstall"]
[2017-06-02T12:36:42-04:00] DEBUG: Node ip-0A9C2F3F.company.local loading cookbook cookbook_cvgx_windows2012r2-sql_postinstall's attribute file C:/chef/cache/cookbooks/cookbook_cvgx_windows2012r2-sql_postinstall/attributes/default.rb
[2017-06-02T12:36:42-04:00] DEBUG: Loading Attribute cookbook_cvgx_windows2012r2-sql_postinstall::default
[2017-06-02T12:36:42-04:00] DEBUG: Loading recipe cookbook_cvgx_windows2012r2-sql_postinstall::default via include_recipe
[2017-06-02T12:36:42-04:00] DEBUG: Found recipe default in cookbook cookbook_cvgx_windows2012r2-sql_postinstall
[2017-06-02T12:36:42-04:00] DEBUG: Resources for generic file resource enabled on node include: [Chef::Resource::File]
[2017-06-02T12:36:42-04:00] DEBUG: Resource for file is Chef::Resource::File
[2017-06-02T12:36:42-04:00] DEBUG: Resources for generic windows_service resource enabled on node include: [Chef::Resource::WindowsService]
[2017-06-02T12:36:42-04:00] DEBUG: Resource for windows_service is Chef::Resource::WindowsService
[2017-06-02T12:36:42-04:00] DEBUG: Resources for generic windows_service resource enabled on node include: [Chef::Resource::WindowsService]
[2017-06-02T12:36:42-04:00] DEBUG: Resource for windows_service is Chef::Resource::WindowsService
[2017-06-02T12:36:42-04:00] DEBUG: Resources for generic windows_service resource enabled on node include: [Chef::Resource::WindowsService]
[2017-06-02T12:36:42-04:00] DEBUG: Resource for windows_service is Chef::Resource::WindowsService
[2017-06-02T12:36:42-04:00] DEBUG: Resources for generic file resource enabled on node include: [Chef::Resource::File]
[2017-06-02T12:36:42-04:00] DEBUG: Resource for file is Chef::Resource::File
[2017-06-02T12:36:42-04:00] DEBUG: Converging node ip-0A9C2F3F.company.local
[2017-06-02T12:36:42-04:00] INFO: Processing file[C:\test01.txt] action create (cookbook_cvgx_windows2012r2-sql_postinstall::default line 10)
[2017-06-02T12:36:42-04:00] DEBUG: Providers for generic file resource enabled on node include: [Chef::Provider::File]
[2017-06-02T12:36:42-04:00] DEBUG: Provider for action create on resource file[C:\test01.txt] is Chef::Provider::File
[2017-06-02T12:36:42-04:00] DEBUG: Touching C:\test01.txt to create it
[2017-06-02T12:36:42-04:00] INFO: file[C:\test01.txt] created file C:\test01.txt
[2017-06-02T12:36:42-04:00] DEBUG: calculating checksum of C:\chef-test0120170602-4744-wm38ec.txt to compare with 
[2017-06-02T12:36:42-04:00] DEBUG: Running: diff -u C:\test01.txt C:\chef-test0120170602-4744-wm38ec.txt
[2017-06-02T12:36:42-04:00] INFO: file[C:\test01.txt] updated file contents C:\test01.txt
[2017-06-02T12:36:42-04:00] DEBUG: selinux utilities can not be found. Skipping selinux permission fixup.
[2017-06-02T12:36:42-04:00] INFO: Processing windows_service[AmazonSSMAgent stop] action stop (cookbook_cvgx_windows2012r2-sql_postinstall::default line 15)
[2017-06-02T12:36:42-04:00] DEBUG: Providers for generic windows_service resource enabled on node include: [Chef::Provider::Service::Windows]
[2017-06-02T12:36:42-04:00] DEBUG: Provider for action stop on resource windows_service[AmazonSSMAgent stop] is Chef::Provider::Service::Windows
[2017-06-02T12:36:42-04:00] DEBUG: windows_service[AmazonSSMAgent stop] running: true
[2017-06-02T12:36:42-04:00] DEBUG: windows_service[AmazonSSMAgent stop] enabled: true
[2017-06-02T12:36:47-04:00] INFO: windows_service[AmazonSSMAgent stop] stopped
[2017-06-02T12:36:47-04:00] INFO: Processing windows_service[AWSLiteAgent] action restart (cookbook_cvgx_windows2012r2-sql_postinstall::default line 22)
[2017-06-02T12:36:47-04:00] DEBUG: Providers for generic windows_service resource enabled on node include: [Chef::Provider::Service::Windows]
[2017-06-02T12:36:47-04:00] DEBUG: Provider for action restart on resource windows_service[AWSLiteAgent] is Chef::Provider::Service::Windows
[2017-06-02T12:36:47-04:00] DEBUG: windows_service[AWSLiteAgent] running: true
[2017-06-02T12:36:47-04:00] DEBUG: windows_service[AWSLiteAgent] enabled: true
[2017-06-02T12:36:48-04:00] INFO: windows_service[AWSLiteAgent] configured with {:service_name=>"AWSLiteAgent", :service_start_name=>".\\svc-sql-new", :password=>"Passw0rd"}
[2017-06-02T12:36:48-04:00] INFO: windows_service[AWSLiteAgent] restarted
[2017-06-02T12:36:48-04:00] INFO: Processing windows_service[AmazonSSMAgent] action restart (cookbook_cvgx_windows2012r2-sql_postinstall::default line 29)
[2017-06-02T12:36:48-04:00] DEBUG: Providers for generic windows_service resource enabled on node include: [Chef::Provider::Service::Windows]
[2017-06-02T12:36:48-04:00] DEBUG: Provider for action restart on resource windows_service[AmazonSSMAgent] is Chef::Provider::Service::Windows
[2017-06-02T12:36:48-04:00] DEBUG: windows_service[AmazonSSMAgent] running: false
[2017-06-02T12:36:48-04:00] DEBUG: windows_service[AmazonSSMAgent] enabled: true
[2017-06-02T12:36:48-04:00] DEBUG: windows_service[AmazonSSMAgent] already stopped - nothing to do
[2017-06-02T12:36:48-04:00] INFO: windows_service[AmazonSSMAgent] configured with {:service_name=>"AmazonSSMAgent", :service_start_name=>".\\svc-sql-new", :password=>"Passw0rd"}
